<?xml version="1.0" encoding="UTF-8"?>
<testsuite xmlns:xsi="http://www.w3.org/2001/XMLSchema-instance" xsi:noNamespaceSchemaLocation="https://maven.apache.org/surefire/maven-surefire-plugin/xsd/surefire-test-report-3.0.xsd" version="3.0" name="dev.charizard.messagebroker.MessagebrokerApplicationTests" time="5.871" tests="1" errors="0" skipped="0" failures="0">
  <properties>
    <property name="java.specification.version" value="21"/>
    <property name="sun.jnu.encoding" value="UTF-8"/>
    <property name="java.class.path" value="/home/leodev/final/charizard/java-consumer/target/test-classes:/home/leodev/final/charizard/java-consumer/target/classes:/home/leodev/.m2/repository/org/springframework/boot/spring-boot-starter-web/3.2.2/spring-boot-starter-web-3.2.2.jar:/home/leodev/.m2/repository/org/springframework/boot/spring-boot-starter/3.2.2/spring-boot-starter-3.2.2.jar:/home/leodev/.m2/repository/org/springframework/boot/spring-boot-starter-logging/3.2.2/spring-boot-starter-logging-3.2.2.jar:/home/leodev/.m2/repository/ch/qos/logback/logback-classic/1.4.14/logback-classic-1.4.14.jar:/home/leodev/.m2/repository/ch/qos/logback/logback-core/1.4.14/logback-core-1.4.14.jar:/home/leodev/.m2/repository/org/apache/logging/log4j/log4j-to-slf4j/2.21.1/log4j-to-slf4j-2.21.1.jar:/home/leodev/.m2/repository/org/apache/logging/log4j/log4j-api/2.21.1/log4j-api-2.21.1.jar:/home/leodev/.m2/repository/org/slf4j/jul-to-slf4j/2.0.11/jul-to-slf4j-2.0.11.jar:/home/leodev/.m2/repository/jakarta/annotation/jakarta.annotation-api/2.1.1/jakarta.annotation-api-2.1.1.jar:/home/leodev/.m2/repository/org/yaml/snakeyaml/2.2/snakeyaml-2.2.jar:/home/leodev/.m2/repository/org/springframework/boot/spring-boot-starter-json/3.2.2/spring-boot-starter-json-3.2.2.jar:/home/leodev/.m2/repository/com/fasterxml/jackson/core/jackson-databind/2.15.3/jackson-databind-2.15.3.jar:/home/leodev/.m2/repository/com/fasterxml/jackson/core/jackson-annotations/2.15.3/jackson-annotations-2.15.3.jar:/home/leodev/.m2/repository/com/fasterxml/jackson/datatype/jackson-datatype-jdk8/2.15.3/jackson-datatype-jdk8-2.15.3.jar:/home/leodev/.m2/repository/com/fasterxml/jackson/datatype/jackson-datatype-jsr310/2.15.3/jackson-datatype-jsr310-2.15.3.jar:/home/leodev/.m2/repository/com/fasterxml/jackson/module/jackson-module-parameter-names/2.15.3/jackson-module-parameter-names-2.15.3.jar:/home/leodev/.m2/repository/org/springframework/boot/spring-boot-starter-tomcat/3.2.2/spring-boot-starter-tomcat-3.2.2.jar:/home/leodev/.m2/repository/org/apache/tomcat/embed/tomcat-embed-core/10.1.18/tomcat-embed-core-10.1.18.jar:/home/leodev/.m2/repository/org/apache/tomcat/embed/tomcat-embed-el/10.1.18/tomcat-embed-el-10.1.18.jar:/home/leodev/.m2/repository/org/apache/tomcat/embed/tomcat-embed-websocket/10.1.18/tomcat-embed-websocket-10.1.18.jar:/home/leodev/.m2/repository/org/springframework/spring-web/6.1.3/spring-web-6.1.3.jar:/home/leodev/.m2/repository/org/springframework/spring-beans/6.1.3/spring-beans-6.1.3.jar:/home/leodev/.m2/repository/io/micrometer/micrometer-observation/1.12.2/micrometer-observation-1.12.2.jar:/home/leodev/.m2/repository/io/micrometer/micrometer-commons/1.12.2/micrometer-commons-1.12.2.jar:/home/leodev/.m2/repository/org/springframework/spring-webmvc/6.1.3/spring-webmvc-6.1.3.jar:/home/leodev/.m2/repository/org/springframework/spring-aop/6.1.3/spring-aop-6.1.3.jar:/home/leodev/.m2/repository/org/springframework/spring-context/6.1.3/spring-context-6.1.3.jar:/home/leodev/.m2/repository/org/springframework/spring-expression/6.1.3/spring-expression-6.1.3.jar:/home/leodev/.m2/repository/org/springframework/boot/spring-boot-devtools/3.2.2/spring-boot-devtools-3.2.2.jar:/home/leodev/.m2/repository/org/springframework/boot/spring-boot/3.2.2/spring-boot-3.2.2.jar:/home/leodev/.m2/repository/org/springframework/boot/spring-boot-autoconfigure/3.2.2/spring-boot-autoconfigure-3.2.2.jar:/home/leodev/.m2/repository/org/postgresql/postgresql/42.6.0/postgresql-42.6.0.jar:/home/leodev/.m2/repository/org/checkerframework/checker-qual/3.31.0/checker-qual-3.31.0.jar:/home/leodev/.m2/repository/org/springframework/boot/spring-boot-starter-test/3.2.2/spring-boot-starter-test-3.2.2.jar:/home/leodev/.m2/repository/org/springframework/boot/spring-boot-test/3.2.2/spring-boot-test-3.2.2.jar:/home/leodev/.m2/repository/org/springframework/boot/spring-boot-test-autoconfigure/3.2.2/spring-boot-test-autoconfigure-3.2.2.jar:/home/leodev/.m2/repository/com/jayway/jsonpath/json-path/2.8.0/json-path-2.8.0.jar:/home/leodev/.m2/repository/org/slf4j/slf4j-api/2.0.11/slf4j-api-2.0.11.jar:/home/leodev/.m2/repository/jakarta/xml/bind/jakarta.xml.bind-api/4.0.1/jakarta.xml.bind-api-4.0.1.jar:/home/leodev/.m2/repository/jakarta/activation/jakarta.activation-api/2.1.2/jakarta.activation-api-2.1.2.jar:/home/leodev/.m2/repository/net/minidev/json-smart/2.5.0/json-smart-2.5.0.jar:/home/leodev/.m2/repository/net/minidev/accessors-smart/2.5.0/accessors-smart-2.5.0.jar:/home/leodev/.m2/repository/org/ow2/asm/asm/9.3/asm-9.3.jar:/home/leodev/.m2/repository/org/assertj/assertj-core/3.24.2/assertj-core-3.24.2.jar:/home/leodev/.m2/repository/net/bytebuddy/byte-buddy/1.14.11/byte-buddy-1.14.11.jar:/home/leodev/.m2/repository/org/awaitility/awaitility/4.2.0/awaitility-4.2.0.jar:/home/leodev/.m2/repository/org/hamcrest/hamcrest/2.2/hamcrest-2.2.jar:/home/leodev/.m2/repository/org/junit/jupiter/junit-jupiter/5.10.1/junit-jupiter-5.10.1.jar:/home/leodev/.m2/repository/org/junit/jupiter/junit-jupiter-api/5.10.1/junit-jupiter-api-5.10.1.jar:/home/leodev/.m2/repository/org/opentest4j/opentest4j/1.3.0/opentest4j-1.3.0.jar:/home/leodev/.m2/repository/org/junit/platform/junit-platform-commons/1.10.1/junit-platform-commons-1.10.1.jar:/home/leodev/.m2/repository/org/apiguardian/apiguardian-api/1.1.2/apiguardian-api-1.1.2.jar:/home/leodev/.m2/repository/org/junit/jupiter/junit-jupiter-params/5.10.1/junit-jupiter-params-5.10.1.jar:/home/leodev/.m2/repository/org/junit/jupiter/junit-jupiter-engine/5.10.1/junit-jupiter-engine-5.10.1.jar:/home/leodev/.m2/repository/org/junit/platform/junit-platform-engine/1.10.1/junit-platform-engine-1.10.1.jar:/home/leodev/.m2/repository/org/mockito/mockito-core/5.7.0/mockito-core-5.7.0.jar:/home/leodev/.m2/repository/net/bytebuddy/byte-buddy-agent/1.14.11/byte-buddy-agent-1.14.11.jar:/home/leodev/.m2/repository/org/objenesis/objenesis/3.3/objenesis-3.3.jar:/home/leodev/.m2/repository/org/mockito/mockito-junit-jupiter/5.7.0/mockito-junit-jupiter-5.7.0.jar:/home/leodev/.m2/repository/org/skyscreamer/jsonassert/1.5.1/jsonassert-1.5.1.jar:/home/leodev/.m2/repository/com/vaadin/external/google/android-json/0.0.20131108.vaadin1/android-json-0.0.20131108.vaadin1.jar:/home/leodev/.m2/repository/org/springframework/spring-core/6.1.3/spring-core-6.1.3.jar:/home/leodev/.m2/repository/org/springframework/spring-jcl/6.1.3/spring-jcl-6.1.3.jar:/home/leodev/.m2/repository/org/springframework/spring-test/6.1.3/spring-test-6.1.3.jar:/home/leodev/.m2/repository/org/xmlunit/xmlunit-core/2.9.1/xmlunit-core-2.9.1.jar:/home/leodev/.m2/repository/org/springframework/boot/spring-boot-starter-amqp/3.2.2/spring-boot-starter-amqp-3.2.2.jar:/home/leodev/.m2/repository/org/springframework/spring-messaging/6.1.3/spring-messaging-6.1.3.jar:/home/leodev/.m2/repository/org/springframework/amqp/spring-rabbit/3.1.1/spring-rabbit-3.1.1.jar:/home/leodev/.m2/repository/org/springframework/amqp/spring-amqp/3.1.1/spring-amqp-3.1.1.jar:/home/leodev/.m2/repository/org/springframework/retry/spring-retry/2.0.5/spring-retry-2.0.5.jar:/home/leodev/.m2/repository/com/rabbitmq/amqp-client/5.19.0/amqp-client-5.19.0.jar:/home/leodev/.m2/repository/org/springframework/spring-tx/6.1.3/spring-tx-6.1.3.jar:/home/leodev/.m2/repository/org/springframework/boot/spring-boot-starter-data-jpa/3.2.2/spring-boot-starter-data-jpa-3.2.2.jar:/home/leodev/.m2/repository/org/springframework/boot/spring-boot-starter-aop/3.2.2/spring-boot-starter-aop-3.2.2.jar:/home/leodev/.m2/repository/org/aspectj/aspectjweaver/1.9.21/aspectjweaver-1.9.21.jar:/home/leodev/.m2/repository/org/springframework/boot/spring-boot-starter-jdbc/3.2.2/spring-boot-starter-jdbc-3.2.2.jar:/home/leodev/.m2/repository/com/zaxxer/HikariCP/5.0.1/HikariCP-5.0.1.jar:/home/leodev/.m2/repository/org/springframework/spring-jdbc/6.1.3/spring-jdbc-6.1.3.jar:/home/leodev/.m2/repository/org/hibernate/orm/hibernate-core/6.4.1.Final/hibernate-core-6.4.1.Final.jar:/home/leodev/.m2/repository/jakarta/persistence/jakarta.persistence-api/3.1.0/jakarta.persistence-api-3.1.0.jar:/home/leodev/.m2/repository/jakarta/transaction/jakarta.transaction-api/2.0.1/jakarta.transaction-api-2.0.1.jar:/home/leodev/.m2/repository/org/jboss/logging/jboss-logging/3.5.3.Final/jboss-logging-3.5.3.Final.jar:/home/leodev/.m2/repository/org/hibernate/common/hibernate-commons-annotations/6.0.6.Final/hibernate-commons-annotations-6.0.6.Final.jar:/home/leodev/.m2/repository/io/smallrye/jandex/3.1.2/jandex-3.1.2.jar:/home/leodev/.m2/repository/com/fasterxml/classmate/1.6.0/classmate-1.6.0.jar:/home/leodev/.m2/repository/org/glassfish/jaxb/jaxb-runtime/4.0.4/jaxb-runtime-4.0.4.jar:/home/leodev/.m2/repository/org/glassfish/jaxb/jaxb-core/4.0.4/jaxb-core-4.0.4.jar:/home/leodev/.m2/repository/org/eclipse/angus/angus-activation/2.0.1/angus-activation-2.0.1.jar:/home/leodev/.m2/repository/org/glassfish/jaxb/txw2/4.0.4/txw2-4.0.4.jar:/home/leodev/.m2/repository/com/sun/istack/istack-commons-runtime/4.1.2/istack-commons-runtime-4.1.2.jar:/home/leodev/.m2/repository/jakarta/inject/jakarta.inject-api/2.0.1/jakarta.inject-api-2.0.1.jar:/home/leodev/.m2/repository/org/antlr/antlr4-runtime/4.13.0/antlr4-runtime-4.13.0.jar:/home/leodev/.m2/repository/org/springframework/data/spring-data-jpa/3.2.2/spring-data-jpa-3.2.2.jar:/home/leodev/.m2/repository/org/springframework/data/spring-data-commons/3.2.2/spring-data-commons-3.2.2.jar:/home/leodev/.m2/repository/org/springframework/spring-orm/6.1.3/spring-orm-6.1.3.jar:/home/leodev/.m2/repository/org/springframework/spring-aspects/6.1.3/spring-aspects-6.1.3.jar:/home/leodev/.m2/repository/org/flywaydb/flyway-core/9.22.3/flyway-core-9.22.3.jar:/home/leodev/.m2/repository/com/fasterxml/jackson/dataformat/jackson-dataformat-toml/2.15.3/jackson-dataformat-toml-2.15.3.jar:/home/leodev/.m2/repository/com/fasterxml/jackson/core/jackson-core/2.15.3/jackson-core-2.15.3.jar:/home/leodev/.m2/repository/com/google/code/gson/gson/2.10.1/gson-2.10.1.jar:"/>
    <property name="java.vm.vendor" value="Oracle Corporation"/>
    <property name="sun.arch.data.model" value="64"/>
    <property name="java.vendor.url" value="https://java.oracle.com/"/>
    <property name="user.timezone" value="America/Sao_Paulo"/>
    <property name="org.jboss.logging.provider" value="slf4j"/>
    <property name="user.country.format" value="BR"/>
    <property name="os.name" value="Linux"/>
    <property name="java.vm.specification.version" value="21"/>
    <property name="sun.java.launcher" value="SUN_STANDARD"/>
    <property name="user.country" value="US"/>
    <property name="sun.boot.library.path" value="/home/leodev/.jdks/openjdk-21.0.2/lib"/>
    <property name="sun.java.command" value="/home/leodev/final/charizard/java-consumer/target/surefire/surefirebooter-20240204205014982_3.jar /home/leodev/final/charizard/java-consumer/target/surefire 2024-02-04T20-50-14_885-jvmRun1 surefire-20240204205014982_1tmp surefire_0-20240204205014982_2tmp"/>
    <property name="jdk.debug" value="release"/>
    <property name="surefire.test.class.path" value="/home/leodev/final/charizard/java-consumer/target/test-classes:/home/leodev/final/charizard/java-consumer/target/classes:/home/leodev/.m2/repository/org/springframework/boot/spring-boot-starter-web/3.2.2/spring-boot-starter-web-3.2.2.jar:/home/leodev/.m2/repository/org/springframework/boot/spring-boot-starter/3.2.2/spring-boot-starter-3.2.2.jar:/home/leodev/.m2/repository/org/springframework/boot/spring-boot-starter-logging/3.2.2/spring-boot-starter-logging-3.2.2.jar:/home/leodev/.m2/repository/ch/qos/logback/logback-classic/1.4.14/logback-classic-1.4.14.jar:/home/leodev/.m2/repository/ch/qos/logback/logback-core/1.4.14/logback-core-1.4.14.jar:/home/leodev/.m2/repository/org/apache/logging/log4j/log4j-to-slf4j/2.21.1/log4j-to-slf4j-2.21.1.jar:/home/leodev/.m2/repository/org/apache/logging/log4j/log4j-api/2.21.1/log4j-api-2.21.1.jar:/home/leodev/.m2/repository/org/slf4j/jul-to-slf4j/2.0.11/jul-to-slf4j-2.0.11.jar:/home/leodev/.m2/repository/jakarta/annotation/jakarta.annotation-api/2.1.1/jakarta.annotation-api-2.1.1.jar:/home/leodev/.m2/repository/org/yaml/snakeyaml/2.2/snakeyaml-2.2.jar:/home/leodev/.m2/repository/org/springframework/boot/spring-boot-starter-json/3.2.2/spring-boot-starter-json-3.2.2.jar:/home/leodev/.m2/repository/com/fasterxml/jackson/core/jackson-databind/2.15.3/jackson-databind-2.15.3.jar:/home/leodev/.m2/repository/com/fasterxml/jackson/core/jackson-annotations/2.15.3/jackson-annotations-2.15.3.jar:/home/leodev/.m2/repository/com/fasterxml/jackson/datatype/jackson-datatype-jdk8/2.15.3/jackson-datatype-jdk8-2.15.3.jar:/home/leodev/.m2/repository/com/fasterxml/jackson/datatype/jackson-datatype-jsr310/2.15.3/jackson-datatype-jsr310-2.15.3.jar:/home/leodev/.m2/repository/com/fasterxml/jackson/module/jackson-module-parameter-names/2.15.3/jackson-module-parameter-names-2.15.3.jar:/home/leodev/.m2/repository/org/springframework/boot/spring-boot-starter-tomcat/3.2.2/spring-boot-starter-tomcat-3.2.2.jar:/home/leodev/.m2/repository/org/apache/tomcat/embed/tomcat-embed-core/10.1.18/tomcat-embed-core-10.1.18.jar:/home/leodev/.m2/repository/org/apache/tomcat/embed/tomcat-embed-el/10.1.18/tomcat-embed-el-10.1.18.jar:/home/leodev/.m2/repository/org/apache/tomcat/embed/tomcat-embed-websocket/10.1.18/tomcat-embed-websocket-10.1.18.jar:/home/leodev/.m2/repository/org/springframework/spring-web/6.1.3/spring-web-6.1.3.jar:/home/leodev/.m2/repository/org/springframework/spring-beans/6.1.3/spring-beans-6.1.3.jar:/home/leodev/.m2/repository/io/micrometer/micrometer-observation/1.12.2/micrometer-observation-1.12.2.jar:/home/leodev/.m2/repository/io/micrometer/micrometer-commons/1.12.2/micrometer-commons-1.12.2.jar:/home/leodev/.m2/repository/org/springframework/spring-webmvc/6.1.3/spring-webmvc-6.1.3.jar:/home/leodev/.m2/repository/org/springframework/spring-aop/6.1.3/spring-aop-6.1.3.jar:/home/leodev/.m2/repository/org/springframework/spring-context/6.1.3/spring-context-6.1.3.jar:/home/leodev/.m2/repository/org/springframework/spring-expression/6.1.3/spring-expression-6.1.3.jar:/home/leodev/.m2/repository/org/springframework/boot/spring-boot-devtools/3.2.2/spring-boot-devtools-3.2.2.jar:/home/leodev/.m2/repository/org/springframework/boot/spring-boot/3.2.2/spring-boot-3.2.2.jar:/home/leodev/.m2/repository/org/springframework/boot/spring-boot-autoconfigure/3.2.2/spring-boot-autoconfigure-3.2.2.jar:/home/leodev/.m2/repository/org/postgresql/postgresql/42.6.0/postgresql-42.6.0.jar:/home/leodev/.m2/repository/org/checkerframework/checker-qual/3.31.0/checker-qual-3.31.0.jar:/home/leodev/.m2/repository/org/springframework/boot/spring-boot-starter-test/3.2.2/spring-boot-starter-test-3.2.2.jar:/home/leodev/.m2/repository/org/springframework/boot/spring-boot-test/3.2.2/spring-boot-test-3.2.2.jar:/home/leodev/.m2/repository/org/springframework/boot/spring-boot-test-autoconfigure/3.2.2/spring-boot-test-autoconfigure-3.2.2.jar:/home/leodev/.m2/repository/com/jayway/jsonpath/json-path/2.8.0/json-path-2.8.0.jar:/home/leodev/.m2/repository/org/slf4j/slf4j-api/2.0.11/slf4j-api-2.0.11.jar:/home/leodev/.m2/repository/jakarta/xml/bind/jakarta.xml.bind-api/4.0.1/jakarta.xml.bind-api-4.0.1.jar:/home/leodev/.m2/repository/jakarta/activation/jakarta.activation-api/2.1.2/jakarta.activation-api-2.1.2.jar:/home/leodev/.m2/repository/net/minidev/json-smart/2.5.0/json-smart-2.5.0.jar:/home/leodev/.m2/repository/net/minidev/accessors-smart/2.5.0/accessors-smart-2.5.0.jar:/home/leodev/.m2/repository/org/ow2/asm/asm/9.3/asm-9.3.jar:/home/leodev/.m2/repository/org/assertj/assertj-core/3.24.2/assertj-core-3.24.2.jar:/home/leodev/.m2/repository/net/bytebuddy/byte-buddy/1.14.11/byte-buddy-1.14.11.jar:/home/leodev/.m2/repository/org/awaitility/awaitility/4.2.0/awaitility-4.2.0.jar:/home/leodev/.m2/repository/org/hamcrest/hamcrest/2.2/hamcrest-2.2.jar:/home/leodev/.m2/repository/org/junit/jupiter/junit-jupiter/5.10.1/junit-jupiter-5.10.1.jar:/home/leodev/.m2/repository/org/junit/jupiter/junit-jupiter-api/5.10.1/junit-jupiter-api-5.10.1.jar:/home/leodev/.m2/repository/org/opentest4j/opentest4j/1.3.0/opentest4j-1.3.0.jar:/home/leodev/.m2/repository/org/junit/platform/junit-platform-commons/1.10.1/junit-platform-commons-1.10.1.jar:/home/leodev/.m2/repository/org/apiguardian/apiguardian-api/1.1.2/apiguardian-api-1.1.2.jar:/home/leodev/.m2/repository/org/junit/jupiter/junit-jupiter-params/5.10.1/junit-jupiter-params-5.10.1.jar:/home/leodev/.m2/repository/org/junit/jupiter/junit-jupiter-engine/5.10.1/junit-jupiter-engine-5.10.1.jar:/home/leodev/.m2/repository/org/junit/platform/junit-platform-engine/1.10.1/junit-platform-engine-1.10.1.jar:/home/leodev/.m2/repository/org/mockito/mockito-core/5.7.0/mockito-core-5.7.0.jar:/home/leodev/.m2/repository/net/bytebuddy/byte-buddy-agent/1.14.11/byte-buddy-agent-1.14.11.jar:/home/leodev/.m2/repository/org/objenesis/objenesis/3.3/objenesis-3.3.jar:/home/leodev/.m2/repository/org/mockito/mockito-junit-jupiter/5.7.0/mockito-junit-jupiter-5.7.0.jar:/home/leodev/.m2/repository/org/skyscreamer/jsonassert/1.5.1/jsonassert-1.5.1.jar:/home/leodev/.m2/repository/com/vaadin/external/google/android-json/0.0.20131108.vaadin1/android-json-0.0.20131108.vaadin1.jar:/home/leodev/.m2/repository/org/springframework/spring-core/6.1.3/spring-core-6.1.3.jar:/home/leodev/.m2/repository/org/springframework/spring-jcl/6.1.3/spring-jcl-6.1.3.jar:/home/leodev/.m2/repository/org/springframework/spring-test/6.1.3/spring-test-6.1.3.jar:/home/leodev/.m2/repository/org/xmlunit/xmlunit-core/2.9.1/xmlunit-core-2.9.1.jar:/home/leodev/.m2/repository/org/springframework/boot/spring-boot-starter-amqp/3.2.2/spring-boot-starter-amqp-3.2.2.jar:/home/leodev/.m2/repository/org/springframework/spring-messaging/6.1.3/spring-messaging-6.1.3.jar:/home/leodev/.m2/repository/org/springframework/amqp/spring-rabbit/3.1.1/spring-rabbit-3.1.1.jar:/home/leodev/.m2/repository/org/springframework/amqp/spring-amqp/3.1.1/spring-amqp-3.1.1.jar:/home/leodev/.m2/repository/org/springframework/retry/spring-retry/2.0.5/spring-retry-2.0.5.jar:/home/leodev/.m2/repository/com/rabbitmq/amqp-client/5.19.0/amqp-client-5.19.0.jar:/home/leodev/.m2/repository/org/springframework/spring-tx/6.1.3/spring-tx-6.1.3.jar:/home/leodev/.m2/repository/org/springframework/boot/spring-boot-starter-data-jpa/3.2.2/spring-boot-starter-data-jpa-3.2.2.jar:/home/leodev/.m2/repository/org/springframework/boot/spring-boot-starter-aop/3.2.2/spring-boot-starter-aop-3.2.2.jar:/home/leodev/.m2/repository/org/aspectj/aspectjweaver/1.9.21/aspectjweaver-1.9.21.jar:/home/leodev/.m2/repository/org/springframework/boot/spring-boot-starter-jdbc/3.2.2/spring-boot-starter-jdbc-3.2.2.jar:/home/leodev/.m2/repository/com/zaxxer/HikariCP/5.0.1/HikariCP-5.0.1.jar:/home/leodev/.m2/repository/org/springframework/spring-jdbc/6.1.3/spring-jdbc-6.1.3.jar:/home/leodev/.m2/repository/org/hibernate/orm/hibernate-core/6.4.1.Final/hibernate-core-6.4.1.Final.jar:/home/leodev/.m2/repository/jakarta/persistence/jakarta.persistence-api/3.1.0/jakarta.persistence-api-3.1.0.jar:/home/leodev/.m2/repository/jakarta/transaction/jakarta.transaction-api/2.0.1/jakarta.transaction-api-2.0.1.jar:/home/leodev/.m2/repository/org/jboss/logging/jboss-logging/3.5.3.Final/jboss-logging-3.5.3.Final.jar:/home/leodev/.m2/repository/org/hibernate/common/hibernate-commons-annotations/6.0.6.Final/hibernate-commons-annotations-6.0.6.Final.jar:/home/leodev/.m2/repository/io/smallrye/jandex/3.1.2/jandex-3.1.2.jar:/home/leodev/.m2/repository/com/fasterxml/classmate/1.6.0/classmate-1.6.0.jar:/home/leodev/.m2/repository/org/glassfish/jaxb/jaxb-runtime/4.0.4/jaxb-runtime-4.0.4.jar:/home/leodev/.m2/repository/org/glassfish/jaxb/jaxb-core/4.0.4/jaxb-core-4.0.4.jar:/home/leodev/.m2/repository/org/eclipse/angus/angus-activation/2.0.1/angus-activation-2.0.1.jar:/home/leodev/.m2/repository/org/glassfish/jaxb/txw2/4.0.4/txw2-4.0.4.jar:/home/leodev/.m2/repository/com/sun/istack/istack-commons-runtime/4.1.2/istack-commons-runtime-4.1.2.jar:/home/leodev/.m2/repository/jakarta/inject/jakarta.inject-api/2.0.1/jakarta.inject-api-2.0.1.jar:/home/leodev/.m2/repository/org/antlr/antlr4-runtime/4.13.0/antlr4-runtime-4.13.0.jar:/home/leodev/.m2/repository/org/springframework/data/spring-data-jpa/3.2.2/spring-data-jpa-3.2.2.jar:/home/leodev/.m2/repository/org/springframework/data/spring-data-commons/3.2.2/spring-data-commons-3.2.2.jar:/home/leodev/.m2/repository/org/springframework/spring-orm/6.1.3/spring-orm-6.1.3.jar:/home/leodev/.m2/repository/org/springframework/spring-aspects/6.1.3/spring-aspects-6.1.3.jar:/home/leodev/.m2/repository/org/flywaydb/flyway-core/9.22.3/flyway-core-9.22.3.jar:/home/leodev/.m2/repository/com/fasterxml/jackson/dataformat/jackson-dataformat-toml/2.15.3/jackson-dataformat-toml-2.15.3.jar:/home/leodev/.m2/repository/com/fasterxml/jackson/core/jackson-core/2.15.3/jackson-core-2.15.3.jar:/home/leodev/.m2/repository/com/google/code/gson/gson/2.10.1/gson-2.10.1.jar:"/>
    <property name="sun.cpu.endian" value="little"/>
    <property name="user.home" value="/home/leodev"/>
    <property name="user.language" value="en"/>
    <property name="java.specification.vendor" value="Oracle Corporation"/>
    <property name="java.version.date" value="2024-01-16"/>
    <property name="java.home" value="/home/leodev/.jdks/openjdk-21.0.2"/>
    <property name="file.separator" value="/"/>
    <property name="basedir" value="/home/leodev/final/charizard/java-consumer"/>
    <property name="java.vm.compressedOopsMode" value="Zero based"/>
    <property name="line.separator" value="&#10;"/>
    <property name="java.vm.specification.vendor" value="Oracle Corporation"/>
    <property name="java.specification.name" value="Java Platform API Specification"/>
    <property name="FILE_LOG_CHARSET" value="UTF-8"/>
    <property name="java.awt.headless" value="true"/>
    <property name="surefire.real.class.path" value="/home/leodev/final/charizard/java-consumer/target/surefire/surefirebooter-20240204205014982_3.jar"/>
    <property name="sun.management.compiler" value="HotSpot 64-Bit Tiered Compilers"/>
    <property name="java.runtime.version" value="21.0.2+13-58"/>
    <property name="user.name" value="leodev"/>
    <property name="stdout.encoding" value="UTF-8"/>
    <property name="path.separator" value=":"/>
    <property name="os.version" value="6.6.10-76060610-generic"/>
    <property name="java.runtime.name" value="OpenJDK Runtime Environment"/>
    <property name="file.encoding" value="UTF-8"/>
    <property name="java.vm.name" value="OpenJDK 64-Bit Server VM"/>
    <property name="localRepository" value="/home/leodev/.m2/repository"/>
    <property name="java.vendor.url.bug" value="https://bugreport.java.com/bugreport/"/>
    <property name="java.io.tmpdir" value="/tmp"/>
    <property name="idea.version" value="2023.3.3"/>
    <property name="com.zaxxer.hikari.pool_number" value="1"/>
    <property name="java.version" value="21.0.2"/>
    <property name="user.dir" value="/home/leodev/final/charizard/java-consumer"/>
    <property name="os.arch" value="amd64"/>
    <property name="java.vm.specification.name" value="Java Virtual Machine Specification"/>
    <property name="PID" value="639004"/>
    <property name="user.language.format" value="pt"/>
    <property name="CONSOLE_LOG_CHARSET" value="UTF-8"/>
    <property name="native.encoding" value="UTF-8"/>
    <property name="java.library.path" value="/usr/java/packages/lib:/usr/lib64:/lib64:/lib:/usr/lib"/>
    <property name="java.vm.info" value="mixed mode, sharing"/>
    <property name="stderr.encoding" value="UTF-8"/>
    <property name="java.vendor" value="Oracle Corporation"/>
    <property name="java.vm.version" value="21.0.2+13-58"/>
    <property name="sun.io.unicode.encoding" value="UnicodeLittle"/>
    <property name="java.class.version" value="65.0"/>
  </properties>
  <testcase name="contextLoads" classname="dev.charizard.messagebroker.MessagebrokerApplicationTests" time="0.599">
    <system-out><![CDATA[20:50:15.684 [main] INFO org.springframework.test.context.support.AnnotationConfigContextLoaderUtils -- Could not detect default configuration classes for test class [dev.charizard.messagebroker.MessagebrokerApplicationTests]: MessagebrokerApplicationTests does not declare any static, non-private, non-final, nested classes annotated with @Configuration.
20:50:15.770 [main] INFO org.springframework.boot.test.context.SpringBootTestContextBootstrapper -- Found @SpringBootConfiguration dev.charizard.messagebroker.MessagebrokerApplication for test class dev.charizard.messagebroker.MessagebrokerApplicationTests
20:50:15.914 [main] INFO org.springframework.boot.devtools.restart.RestartApplicationListener -- Restart disabled due to context in which it is running

  .   ____          _            __ _ _
 /\\ / ___'_ __ _ _(_)_ __  __ _ \ \ \ \
( ( )\___ | '_ | '_| | '_ \/ _` | \ \ \ \
 \\/  ___)| |_)| | | | | || (_| |  ) ) ) )
  '  |____| .__|_| |_|_| |_\__, | / / / /
 =========|_|==============|___/=/_/_/_/
 :: Spring Boot ::                (v3.2.2)

2024-02-04T20:50:16.167-03:00  INFO 639004 --- [           main] d.c.m.MessagebrokerApplicationTests      : Starting MessagebrokerApplicationTests using Java 21.0.2 with PID 639004 (started by leodev in /home/leodev/final/charizard/java-consumer)
2024-02-04T20:50:16.169-03:00  INFO 639004 --- [           main] d.c.m.MessagebrokerApplicationTests      : No active profile set, falling back to 1 default profile: "default"
2024-02-04T20:50:16.868-03:00  INFO 639004 --- [           main] .s.d.r.c.RepositoryConfigurationDelegate : Bootstrapping Spring Data JPA repositories in DEFAULT mode.
2024-02-04T20:50:16.929-03:00  INFO 639004 --- [           main] .s.d.r.c.RepositoryConfigurationDelegate : Finished Spring Data repository scanning in 51 ms. Found 3 JPA repository interfaces.
2024-02-04T20:50:17.462-03:00  INFO 639004 --- [           main] com.zaxxer.hikari.HikariDataSource       : HikariPool-1 - Starting...
2024-02-04T20:50:17.659-03:00  INFO 639004 --- [           main] com.zaxxer.hikari.pool.HikariPool        : HikariPool-1 - Added connection org.postgresql.jdbc.PgConnection@33bb3f86
2024-02-04T20:50:17.661-03:00  INFO 639004 --- [           main] com.zaxxer.hikari.HikariDataSource       : HikariPool-1 - Start completed.
2024-02-04T20:50:17.746-03:00  INFO 639004 --- [           main] o.f.c.internal.license.VersionPrinter    : Flyway Community Edition 9.22.3 by Redgate
2024-02-04T20:50:17.746-03:00  INFO 639004 --- [           main] o.f.c.internal.license.VersionPrinter    : See release notes here: https://rd.gt/416ObMi
2024-02-04T20:50:17.746-03:00  INFO 639004 --- [           main] o.f.c.internal.license.VersionPrinter    : 
2024-02-04T20:50:17.760-03:00  INFO 639004 --- [           main] org.flywaydb.core.FlywayExecutor         : Database: jdbc:postgresql://localhost:5432/db (PostgreSQL 15.5)
2024-02-04T20:50:17.802-03:00  INFO 639004 --- [           main] o.f.core.internal.command.DbValidate     : Successfully validated 2 migrations (execution time 00:00.024s)
2024-02-04T20:50:17.816-03:00  INFO 639004 --- [           main] o.f.core.internal.command.DbMigrate      : Current version of schema "public": 2
2024-02-04T20:50:17.820-03:00  INFO 639004 --- [           main] o.f.core.internal.command.DbMigrate      : Schema "public" is up to date. No migration necessary.
2024-02-04T20:50:17.949-03:00  INFO 639004 --- [           main] o.hibernate.jpa.internal.util.LogHelper  : HHH000204: Processing PersistenceUnitInfo [name: default]
2024-02-04T20:50:18.048-03:00  INFO 639004 --- [           main] org.hibernate.Version                    : HHH000412: Hibernate ORM core version 6.4.1.Final
2024-02-04T20:50:18.080-03:00  INFO 639004 --- [           main] o.h.c.internal.RegionFactoryInitiator    : HHH000026: Second-level cache disabled
2024-02-04T20:50:18.314-03:00  INFO 639004 --- [           main] o.s.o.j.p.SpringPersistenceUnitInfo      : No LoadTimeWeaver setup: ignoring JPA class transformer
2024-02-04T20:50:19.146-03:00  INFO 639004 --- [           main] o.h.e.t.j.p.i.JtaPlatformInitiator       : HHH000489: No JTA platform available (set 'hibernate.transaction.jta.platform' to enable JTA platform integration)
2024-02-04T20:50:19.177-03:00  INFO 639004 --- [           main] j.LocalContainerEntityManagerFactoryBean : Initialized JPA EntityManagerFactory for persistence unit 'default'
2024-02-04T20:50:20.060-03:00  WARN 639004 --- [           main] JpaBaseConfiguration$JpaWebConfiguration : spring.jpa.open-in-view is enabled by default. Therefore, database queries may be performed during view rendering. Explicitly configure spring.jpa.open-in-view to disable this warning
2024-02-04T20:50:20.594-03:00  INFO 639004 --- [           main] o.s.a.r.c.CachingConnectionFactory       : Attempting to connect to: [localhost:5672]
2024-02-04T20:50:20.636-03:00  INFO 639004 --- [           main] o.s.a.r.c.CachingConnectionFactory       : Created new connection: rabbitConnectionFactory#7f3a92fd:0/SimpleConnection@66ab3716 [delegate=amqp://guest@127.0.0.1:5672/, localPort=51514]
2024-02-04T20:50:20.740-03:00  INFO 639004 --- [           main] d.c.m.MessagebrokerApplicationTests      : Started MessagebrokerApplicationTests in 4.84 seconds (process running for 5.707)
Hibernate: select t1_0.id,t1_0.amount,t1_0.person_id,t1_0.status,t1_0.transaction_date from transaction t1_0 where t1_0.id=?
Hibernate: select p1_0.id,p1_0.age,p1_0.name,t1_0.person_id,t1_0.id,t1_0.amount,t1_0.status,t1_0.transaction_date from person p1_0 left join transaction t1_0 on p1_0.id=t1_0.person_id where p1_0.id=?
Hibernate: select t1_0.id,t1_0.amount,i1_0.transaction_id,i1_0.id,i1_0.installment_number,i1_0.value,p1_0.id,p1_0.age,p1_0.name,t1_0.status,t1_0.transaction_date from transaction t1_0 left join installment i1_0 on t1_0.id=i1_0.transaction_id left join person p1_0 on p1_0.id=t1_0.person_id where t1_0.id=?
Hibernate: select p1_0.id,p1_0.age,p1_0.name,t1_0.person_id,t1_0.id,t1_0.amount,t1_0.status,t1_0.transaction_date from person p1_0 left join transaction t1_0 on p1_0.id=t1_0.person_id where p1_0.id=?
Hibernate: select i1_0.id,i1_0.installment_number,t1_0.id,t1_0.amount,p1_0.id,p1_0.age,p1_0.name,t1_0.status,t1_0.transaction_date,i1_0.value from installment i1_0 left join transaction t1_0 on t1_0.id=i1_0.transaction_id left join person p1_0 on p1_0.id=t1_0.person_id where i1_0.id=?
Hibernate: select i1_0.id,i1_0.installment_number,t1_0.id,t1_0.amount,p1_0.id,p1_0.age,p1_0.name,t1_0.status,t1_0.transaction_date,i1_0.value from installment i1_0 left join transaction t1_0 on t1_0.id=i1_0.transaction_id left join person p1_0 on p1_0.id=t1_0.person_id where i1_0.id=?
Hibernate: insert into person (age,name,id) values (?,?,?)
Hibernate: insert into transaction (amount,person_id,status,transaction_date,id) values (?,?,?,?,?)
Hibernate: insert into installment (installment_number,transaction_id,value,id) values (?,?,?,?)
Hibernate: insert into installment (installment_number,transaction_id,value,id) values (?,?,?,?)
2024-02-04T20:50:20.970-03:00  INFO 639004 --- [ntContainer#1-1] d.c.m.listeners.TransactionConsumer      : Processed transaction 643210bd-2b3e-469a-acdd-073d0509d572
Hibernate: select t1_0.id,t1_0.amount,t1_0.person_id,t1_0.status,t1_0.transaction_date from transaction t1_0 where t1_0.id=?
Hibernate: select p1_0.id,p1_0.age,p1_0.name,t1_0.person_id,t1_0.id,t1_0.amount,t1_0.status,t1_0.transaction_date from person p1_0 left join transaction t1_0 on p1_0.id=t1_0.person_id where p1_0.id=?
Hibernate: select t1_0.id,t1_0.amount,i1_0.transaction_id,i1_0.id,i1_0.installment_number,i1_0.value,p1_0.id,p1_0.age,p1_0.name,t1_0.status,t1_0.transaction_date from transaction t1_0 left join installment i1_0 on t1_0.id=i1_0.transaction_id left join person p1_0 on p1_0.id=t1_0.person_id where t1_0.id=?
Hibernate: select p1_0.id,p1_0.age,p1_0.name,t1_0.person_id,t1_0.id,t1_0.amount,t1_0.status,t1_0.transaction_date from person p1_0 left join transaction t1_0 on p1_0.id=t1_0.person_id where p1_0.id=?
Hibernate: select i1_0.id,i1_0.installment_number,t1_0.id,t1_0.amount,p1_0.id,p1_0.age,p1_0.name,t1_0.status,t1_0.transaction_date,i1_0.value from installment i1_0 left join transaction t1_0 on t1_0.id=i1_0.transaction_id left join person p1_0 on p1_0.id=t1_0.person_id where i1_0.id=?
Hibernate: select i1_0.id,i1_0.installment_number,t1_0.id,t1_0.amount,p1_0.id,p1_0.age,p1_0.name,t1_0.status,t1_0.transaction_date,i1_0.value from installment i1_0 left join transaction t1_0 on t1_0.id=i1_0.transaction_id left join person p1_0 on p1_0.id=t1_0.person_id where i1_0.id=?
Hibernate: select i1_0.id,i1_0.installment_number,t1_0.id,t1_0.amount,p1_0.id,p1_0.age,p1_0.name,t1_0.status,t1_0.transaction_date,i1_0.value from installment i1_0 left join transaction t1_0 on t1_0.id=i1_0.transaction_id left join person p1_0 on p1_0.id=t1_0.person_id where i1_0.id=?
Hibernate: select i1_0.id,i1_0.installment_number,t1_0.id,t1_0.amount,p1_0.id,p1_0.age,p1_0.name,t1_0.status,t1_0.transaction_date,i1_0.value from installment i1_0 left join transaction t1_0 on t1_0.id=i1_0.transaction_id left join person p1_0 on p1_0.id=t1_0.person_id where i1_0.id=?
Hibernate: select i1_0.id,i1_0.installment_number,t1_0.id,t1_0.amount,p1_0.id,p1_0.age,p1_0.name,t1_0.status,t1_0.transaction_date,i1_0.value from installment i1_0 left join transaction t1_0 on t1_0.id=i1_0.transaction_id left join person p1_0 on p1_0.id=t1_0.person_id where i1_0.id=?
Hibernate: select i1_0.id,i1_0.installment_number,t1_0.id,t1_0.amount,p1_0.id,p1_0.age,p1_0.name,t1_0.status,t1_0.transaction_date,i1_0.value from installment i1_0 left join transaction t1_0 on t1_0.id=i1_0.transaction_id left join person p1_0 on p1_0.id=t1_0.person_id where i1_0.id=?
Hibernate: select i1_0.id,i1_0.installment_number,t1_0.id,t1_0.amount,p1_0.id,p1_0.age,p1_0.name,t1_0.status,t1_0.transaction_date,i1_0.value from installment i1_0 left join transaction t1_0 on t1_0.id=i1_0.transaction_id left join person p1_0 on p1_0.id=t1_0.person_id where i1_0.id=?
Hibernate: select i1_0.id,i1_0.installment_number,t1_0.id,t1_0.amount,p1_0.id,p1_0.age,p1_0.name,t1_0.status,t1_0.transaction_date,i1_0.value from installment i1_0 left join transaction t1_0 on t1_0.id=i1_0.transaction_id left join person p1_0 on p1_0.id=t1_0.person_id where i1_0.id=?
Hibernate: select i1_0.id,i1_0.installment_number,t1_0.id,t1_0.amount,p1_0.id,p1_0.age,p1_0.name,t1_0.status,t1_0.transaction_date,i1_0.value from installment i1_0 left join transaction t1_0 on t1_0.id=i1_0.transaction_id left join person p1_0 on p1_0.id=t1_0.person_id where i1_0.id=?
Hibernate: select i1_0.id,i1_0.installment_number,t1_0.id,t1_0.amount,p1_0.id,p1_0.age,p1_0.name,t1_0.status,t1_0.transaction_date,i1_0.value from installment i1_0 left join transaction t1_0 on t1_0.id=i1_0.transaction_id left join person p1_0 on p1_0.id=t1_0.person_id where i1_0.id=?
Hibernate: select i1_0.id,i1_0.installment_number,t1_0.id,t1_0.amount,p1_0.id,p1_0.age,p1_0.name,t1_0.status,t1_0.transaction_date,i1_0.value from installment i1_0 left join transaction t1_0 on t1_0.id=i1_0.transaction_id left join person p1_0 on p1_0.id=t1_0.person_id where i1_0.id=?
Hibernate: insert into person (age,name,id) values (?,?,?)
Hibernate: insert into transaction (amount,person_id,status,transaction_date,id) values (?,?,?,?,?)
Hibernate: insert into installment (installment_number,transaction_id,value,id) values (?,?,?,?)
Hibernate: insert into installment (installment_number,transaction_id,value,id) values (?,?,?,?)
Hibernate: insert into installment (installment_number,transaction_id,value,id) values (?,?,?,?)
Hibernate: insert into installment (installment_number,transaction_id,value,id) values (?,?,?,?)
Hibernate: insert into installment (installment_number,transaction_id,value,id) values (?,?,?,?)
Hibernate: insert into installment (installment_number,transaction_id,value,id) values (?,?,?,?)
Hibernate: insert into installment (installment_number,transaction_id,value,id) values (?,?,?,?)
Hibernate: insert into installment (installment_number,transaction_id,value,id) values (?,?,?,?)
Hibernate: insert into installment (installment_number,transaction_id,value,id) values (?,?,?,?)
Hibernate: insert into installment (installment_number,transaction_id,value,id) values (?,?,?,?)
Hibernate: insert into installment (installment_number,transaction_id,value,id) values (?,?,?,?)
2024-02-04T20:50:21.009-03:00  INFO 639004 --- [ntContainer#1-1] d.c.m.listeners.TransactionConsumer      : Processed transaction 46c2b01f-8ba3-4415-b020-e81db767ccf2
Hibernate: select t1_0.id,t1_0.amount,t1_0.person_id,t1_0.status,t1_0.transaction_date from transaction t1_0 where t1_0.id=?
Hibernate: select p1_0.id,p1_0.age,p1_0.name,t1_0.person_id,t1_0.id,t1_0.amount,t1_0.status,t1_0.transaction_date from person p1_0 left join transaction t1_0 on p1_0.id=t1_0.person_id where p1_0.id=?
Hibernate: select t1_0.id,t1_0.amount,i1_0.transaction_id,i1_0.id,i1_0.installment_number,i1_0.value,p1_0.id,p1_0.age,p1_0.name,t1_0.status,t1_0.transaction_date from transaction t1_0 left join installment i1_0 on t1_0.id=i1_0.transaction_id left join person p1_0 on p1_0.id=t1_0.person_id where t1_0.id=?
Hibernate: select p1_0.id,p1_0.age,p1_0.name,t1_0.person_id,t1_0.id,t1_0.amount,t1_0.status,t1_0.transaction_date from person p1_0 left join transaction t1_0 on p1_0.id=t1_0.person_id where p1_0.id=?
Hibernate: select i1_0.id,i1_0.installment_number,t1_0.id,t1_0.amount,p1_0.id,p1_0.age,p1_0.name,t1_0.status,t1_0.transaction_date,i1_0.value from installment i1_0 left join transaction t1_0 on t1_0.id=i1_0.transaction_id left join person p1_0 on p1_0.id=t1_0.person_id where i1_0.id=?
Hibernate: select i1_0.id,i1_0.installment_number,t1_0.id,t1_0.amount,p1_0.id,p1_0.age,p1_0.name,t1_0.status,t1_0.transaction_date,i1_0.value from installment i1_0 left join transaction t1_0 on t1_0.id=i1_0.transaction_id left join person p1_0 on p1_0.id=t1_0.person_id where i1_0.id=?
Hibernate: select i1_0.id,i1_0.installment_number,t1_0.id,t1_0.amount,p1_0.id,p1_0.age,p1_0.name,t1_0.status,t1_0.transaction_date,i1_0.value from installment i1_0 left join transaction t1_0 on t1_0.id=i1_0.transaction_id left join person p1_0 on p1_0.id=t1_0.person_id where i1_0.id=?
Hibernate: select i1_0.id,i1_0.installment_number,t1_0.id,t1_0.amount,p1_0.id,p1_0.age,p1_0.name,t1_0.status,t1_0.transaction_date,i1_0.value from installment i1_0 left join transaction t1_0 on t1_0.id=i1_0.transaction_id left join person p1_0 on p1_0.id=t1_0.person_id where i1_0.id=?
Hibernate: select i1_0.id,i1_0.installment_number,t1_0.id,t1_0.amount,p1_0.id,p1_0.age,p1_0.name,t1_0.status,t1_0.transaction_date,i1_0.value from installment i1_0 left join transaction t1_0 on t1_0.id=i1_0.transaction_id left join person p1_0 on p1_0.id=t1_0.person_id where i1_0.id=?
Hibernate: select i1_0.id,i1_0.installment_number,t1_0.id,t1_0.amount,p1_0.id,p1_0.age,p1_0.name,t1_0.status,t1_0.transaction_date,i1_0.value from installment i1_0 left join transaction t1_0 on t1_0.id=i1_0.transaction_id left join person p1_0 on p1_0.id=t1_0.person_id where i1_0.id=?
Hibernate: select i1_0.id,i1_0.installment_number,t1_0.id,t1_0.amount,p1_0.id,p1_0.age,p1_0.name,t1_0.status,t1_0.transaction_date,i1_0.value from installment i1_0 left join transaction t1_0 on t1_0.id=i1_0.transaction_id left join person p1_0 on p1_0.id=t1_0.person_id where i1_0.id=?
Hibernate: select i1_0.id,i1_0.installment_number,t1_0.id,t1_0.amount,p1_0.id,p1_0.age,p1_0.name,t1_0.status,t1_0.transaction_date,i1_0.value from installment i1_0 left join transaction t1_0 on t1_0.id=i1_0.transaction_id left join person p1_0 on p1_0.id=t1_0.person_id where i1_0.id=?
Hibernate: insert into person (age,name,id) values (?,?,?)
Hibernate: insert into transaction (amount,person_id,status,transaction_date,id) values (?,?,?,?,?)
Hibernate: insert into installment (installment_number,transaction_id,value,id) values (?,?,?,?)
Hibernate: insert into installment (installment_number,transaction_id,value,id) values (?,?,?,?)
Hibernate: insert into installment (installment_number,transaction_id,value,id) values (?,?,?,?)
Hibernate: insert into installment (installment_number,transaction_id,value,id) values (?,?,?,?)
Hibernate: insert into installment (installment_number,transaction_id,value,id) values (?,?,?,?)
Hibernate: insert into installment (installment_number,transaction_id,value,id) values (?,?,?,?)
Hibernate: insert into installment (installment_number,transaction_id,value,id) values (?,?,?,?)
Hibernate: insert into installment (installment_number,transaction_id,value,id) values (?,?,?,?)
2024-02-04T20:50:21.029-03:00  INFO 639004 --- [ntContainer#1-1] d.c.m.listeners.TransactionConsumer      : Processed transaction 2dd04688-79e1-4a0a-9a89-bafe0f6244c0
Hibernate: select t1_0.id,t1_0.amount,t1_0.person_id,t1_0.status,t1_0.transaction_date from transaction t1_0 where t1_0.id=?
Hibernate: select p1_0.id,p1_0.age,p1_0.name,t1_0.person_id,t1_0.id,t1_0.amount,t1_0.status,t1_0.transaction_date from person p1_0 left join transaction t1_0 on p1_0.id=t1_0.person_id where p1_0.id=?
Hibernate: select t1_0.id,t1_0.amount,i1_0.transaction_id,i1_0.id,i1_0.installment_number,i1_0.value,p1_0.id,p1_0.age,p1_0.name,t1_0.status,t1_0.transaction_date from transaction t1_0 left join installment i1_0 on t1_0.id=i1_0.transaction_id left join person p1_0 on p1_0.id=t1_0.person_id where t1_0.id=?
Hibernate: select p1_0.id,p1_0.age,p1_0.name,t1_0.person_id,t1_0.id,t1_0.amount,t1_0.status,t1_0.transaction_date from person p1_0 left join transaction t1_0 on p1_0.id=t1_0.person_id where p1_0.id=?
Hibernate: select i1_0.id,i1_0.installment_number,t1_0.id,t1_0.amount,p1_0.id,p1_0.age,p1_0.name,t1_0.status,t1_0.transaction_date,i1_0.value from installment i1_0 left join transaction t1_0 on t1_0.id=i1_0.transaction_id left join person p1_0 on p1_0.id=t1_0.person_id where i1_0.id=?
Hibernate: select i1_0.id,i1_0.installment_number,t1_0.id,t1_0.amount,p1_0.id,p1_0.age,p1_0.name,t1_0.status,t1_0.transaction_date,i1_0.value from installment i1_0 left join transaction t1_0 on t1_0.id=i1_0.transaction_id left join person p1_0 on p1_0.id=t1_0.person_id where i1_0.id=?
Hibernate: insert into person (age,name,id) values (?,?,?)
Hibernate: insert into transaction (amount,person_id,status,transaction_date,id) values (?,?,?,?,?)
Hibernate: insert into installment (installment_number,transaction_id,value,id) values (?,?,?,?)
Hibernate: insert into installment (installment_number,transaction_id,value,id) values (?,?,?,?)
2024-02-04T20:50:21.040-03:00  INFO 639004 --- [ntContainer#1-1] d.c.m.listeners.TransactionConsumer      : Processed transaction 8789d42c-8047-4e61-8e5a-66501a47db1b
Hibernate: select t1_0.id,t1_0.amount,t1_0.person_id,t1_0.status,t1_0.transaction_date from transaction t1_0 where t1_0.id=?
Hibernate: select p1_0.id,p1_0.age,p1_0.name,t1_0.person_id,t1_0.id,t1_0.amount,t1_0.status,t1_0.transaction_date from person p1_0 left join transaction t1_0 on p1_0.id=t1_0.person_id where p1_0.id=?
Hibernate: select t1_0.id,t1_0.amount,i1_0.transaction_id,i1_0.id,i1_0.installment_number,i1_0.value,p1_0.id,p1_0.age,p1_0.name,t1_0.status,t1_0.transaction_date from transaction t1_0 left join installment i1_0 on t1_0.id=i1_0.transaction_id left join person p1_0 on p1_0.id=t1_0.person_id where t1_0.id=?
Hibernate: select p1_0.id,p1_0.age,p1_0.name,t1_0.person_id,t1_0.id,t1_0.amount,t1_0.status,t1_0.transaction_date from person p1_0 left join transaction t1_0 on p1_0.id=t1_0.person_id where p1_0.id=?
Hibernate: select i1_0.id,i1_0.installment_number,t1_0.id,t1_0.amount,p1_0.id,p1_0.age,p1_0.name,t1_0.status,t1_0.transaction_date,i1_0.value from installment i1_0 left join transaction t1_0 on t1_0.id=i1_0.transaction_id left join person p1_0 on p1_0.id=t1_0.person_id where i1_0.id=?
Hibernate: select i1_0.id,i1_0.installment_number,t1_0.id,t1_0.amount,p1_0.id,p1_0.age,p1_0.name,t1_0.status,t1_0.transaction_date,i1_0.value from installment i1_0 left join transaction t1_0 on t1_0.id=i1_0.transaction_id left join person p1_0 on p1_0.id=t1_0.person_id where i1_0.id=?
Hibernate: select i1_0.id,i1_0.installment_number,t1_0.id,t1_0.amount,p1_0.id,p1_0.age,p1_0.name,t1_0.status,t1_0.transaction_date,i1_0.value from installment i1_0 left join transaction t1_0 on t1_0.id=i1_0.transaction_id left join person p1_0 on p1_0.id=t1_0.person_id where i1_0.id=?
Hibernate: select i1_0.id,i1_0.installment_number,t1_0.id,t1_0.amount,p1_0.id,p1_0.age,p1_0.name,t1_0.status,t1_0.transaction_date,i1_0.value from installment i1_0 left join transaction t1_0 on t1_0.id=i1_0.transaction_id left join person p1_0 on p1_0.id=t1_0.person_id where i1_0.id=?
Hibernate: select i1_0.id,i1_0.installment_number,t1_0.id,t1_0.amount,p1_0.id,p1_0.age,p1_0.name,t1_0.status,t1_0.transaction_date,i1_0.value from installment i1_0 left join transaction t1_0 on t1_0.id=i1_0.transaction_id left join person p1_0 on p1_0.id=t1_0.person_id where i1_0.id=?
Hibernate: insert into person (age,name,id) values (?,?,?)
Hibernate: insert into transaction (amount,person_id,status,transaction_date,id) values (?,?,?,?,?)
Hibernate: insert into installment (installment_number,transaction_id,value,id) values (?,?,?,?)
Hibernate: insert into installment (installment_number,transaction_id,value,id) values (?,?,?,?)
Hibernate: insert into installment (installment_number,transaction_id,value,id) values (?,?,?,?)
Hibernate: insert into installment (installment_number,transaction_id,value,id) values (?,?,?,?)
Hibernate: insert into installment (installment_number,transaction_id,value,id) values (?,?,?,?)
2024-02-04T20:50:21.056-03:00  INFO 639004 --- [ntContainer#1-1] d.c.m.listeners.TransactionConsumer      : Processed transaction 6f3a2118-cf0b-477b-9e0b-38306199c374
Hibernate: select t1_0.id,t1_0.amount,t1_0.person_id,t1_0.status,t1_0.transaction_date from transaction t1_0 where t1_0.id=?
Hibernate: select p1_0.id,p1_0.age,p1_0.name,t1_0.person_id,t1_0.id,t1_0.amount,t1_0.status,t1_0.transaction_date from person p1_0 left join transaction t1_0 on p1_0.id=t1_0.person_id where p1_0.id=?
Hibernate: select t1_0.id,t1_0.amount,i1_0.transaction_id,i1_0.id,i1_0.installment_number,i1_0.value,p1_0.id,p1_0.age,p1_0.name,t1_0.status,t1_0.transaction_date from transaction t1_0 left join installment i1_0 on t1_0.id=i1_0.transaction_id left join person p1_0 on p1_0.id=t1_0.person_id where t1_0.id=?
Hibernate: select p1_0.id,p1_0.age,p1_0.name,t1_0.person_id,t1_0.id,t1_0.amount,t1_0.status,t1_0.transaction_date from person p1_0 left join transaction t1_0 on p1_0.id=t1_0.person_id where p1_0.id=?
Hibernate: select i1_0.id,i1_0.installment_number,t1_0.id,t1_0.amount,p1_0.id,p1_0.age,p1_0.name,t1_0.status,t1_0.transaction_date,i1_0.value from installment i1_0 left join transaction t1_0 on t1_0.id=i1_0.transaction_id left join person p1_0 on p1_0.id=t1_0.person_id where i1_0.id=?
Hibernate: select i1_0.id,i1_0.installment_number,t1_0.id,t1_0.amount,p1_0.id,p1_0.age,p1_0.name,t1_0.status,t1_0.transaction_date,i1_0.value from installment i1_0 left join transaction t1_0 on t1_0.id=i1_0.transaction_id left join person p1_0 on p1_0.id=t1_0.person_id where i1_0.id=?
Hibernate: select i1_0.id,i1_0.installment_number,t1_0.id,t1_0.amount,p1_0.id,p1_0.age,p1_0.name,t1_0.status,t1_0.transaction_date,i1_0.value from installment i1_0 left join transaction t1_0 on t1_0.id=i1_0.transaction_id left join person p1_0 on p1_0.id=t1_0.person_id where i1_0.id=?
Hibernate: select i1_0.id,i1_0.installment_number,t1_0.id,t1_0.amount,p1_0.id,p1_0.age,p1_0.name,t1_0.status,t1_0.transaction_date,i1_0.value from installment i1_0 left join transaction t1_0 on t1_0.id=i1_0.transaction_id left join person p1_0 on p1_0.id=t1_0.person_id where i1_0.id=?
Hibernate: select i1_0.id,i1_0.installment_number,t1_0.id,t1_0.amount,p1_0.id,p1_0.age,p1_0.name,t1_0.status,t1_0.transaction_date,i1_0.value from installment i1_0 left join transaction t1_0 on t1_0.id=i1_0.transaction_id left join person p1_0 on p1_0.id=t1_0.person_id where i1_0.id=?
Hibernate: select i1_0.id,i1_0.installment_number,t1_0.id,t1_0.amount,p1_0.id,p1_0.age,p1_0.name,t1_0.status,t1_0.transaction_date,i1_0.value from installment i1_0 left join transaction t1_0 on t1_0.id=i1_0.transaction_id left join person p1_0 on p1_0.id=t1_0.person_id where i1_0.id=?
Hibernate: select i1_0.id,i1_0.installment_number,t1_0.id,t1_0.amount,p1_0.id,p1_0.age,p1_0.name,t1_0.status,t1_0.transaction_date,i1_0.value from installment i1_0 left join transaction t1_0 on t1_0.id=i1_0.transaction_id left join person p1_0 on p1_0.id=t1_0.person_id where i1_0.id=?
Hibernate: select i1_0.id,i1_0.installment_number,t1_0.id,t1_0.amount,p1_0.id,p1_0.age,p1_0.name,t1_0.status,t1_0.transaction_date,i1_0.value from installment i1_0 left join transaction t1_0 on t1_0.id=i1_0.transaction_id left join person p1_0 on p1_0.id=t1_0.person_id where i1_0.id=?
Hibernate: insert into person (age,name,id) values (?,?,?)
Hibernate: insert into transaction (amount,person_id,status,transaction_date,id) values (?,?,?,?,?)
Hibernate: insert into installment (installment_number,transaction_id,value,id) values (?,?,?,?)
Hibernate: insert into installment (installment_number,transaction_id,value,id) values (?,?,?,?)
Hibernate: insert into installment (installment_number,transaction_id,value,id) values (?,?,?,?)
Hibernate: insert into installment (installment_number,transaction_id,value,id) values (?,?,?,?)
Hibernate: insert into installment (installment_number,transaction_id,value,id) values (?,?,?,?)
Hibernate: insert into installment (installment_number,transaction_id,value,id) values (?,?,?,?)
Hibernate: insert into installment (installment_number,transaction_id,value,id) values (?,?,?,?)
Hibernate: insert into installment (installment_number,transaction_id,value,id) values (?,?,?,?)
2024-02-04T20:50:21.074-03:00  INFO 639004 --- [ntContainer#1-1] d.c.m.listeners.TransactionConsumer      : Processed transaction f04eb68a-ae3b-4003-8cea-4cbe66089acd
Hibernate: select t1_0.id,t1_0.amount,t1_0.person_id,t1_0.status,t1_0.transaction_date from transaction t1_0 where t1_0.id=?
Hibernate: select p1_0.id,p1_0.age,p1_0.name,t1_0.person_id,t1_0.id,t1_0.amount,t1_0.status,t1_0.transaction_date from person p1_0 left join transaction t1_0 on p1_0.id=t1_0.person_id where p1_0.id=?
Hibernate: select t1_0.id,t1_0.amount,i1_0.transaction_id,i1_0.id,i1_0.installment_number,i1_0.value,p1_0.id,p1_0.age,p1_0.name,t1_0.status,t1_0.transaction_date from transaction t1_0 left join installment i1_0 on t1_0.id=i1_0.transaction_id left join person p1_0 on p1_0.id=t1_0.person_id where t1_0.id=?
Hibernate: select p1_0.id,p1_0.age,p1_0.name,t1_0.person_id,t1_0.id,t1_0.amount,t1_0.status,t1_0.transaction_date from person p1_0 left join transaction t1_0 on p1_0.id=t1_0.person_id where p1_0.id=?
Hibernate: select i1_0.id,i1_0.installment_number,t1_0.id,t1_0.amount,p1_0.id,p1_0.age,p1_0.name,t1_0.status,t1_0.transaction_date,i1_0.value from installment i1_0 left join transaction t1_0 on t1_0.id=i1_0.transaction_id left join person p1_0 on p1_0.id=t1_0.person_id where i1_0.id=?
Hibernate: select i1_0.id,i1_0.installment_number,t1_0.id,t1_0.amount,p1_0.id,p1_0.age,p1_0.name,t1_0.status,t1_0.transaction_date,i1_0.value from installment i1_0 left join transaction t1_0 on t1_0.id=i1_0.transaction_id left join person p1_0 on p1_0.id=t1_0.person_id where i1_0.id=?
Hibernate: select i1_0.id,i1_0.installment_number,t1_0.id,t1_0.amount,p1_0.id,p1_0.age,p1_0.name,t1_0.status,t1_0.transaction_date,i1_0.value from installment i1_0 left join transaction t1_0 on t1_0.id=i1_0.transaction_id left join person p1_0 on p1_0.id=t1_0.person_id where i1_0.id=?
Hibernate: select i1_0.id,i1_0.installment_number,t1_0.id,t1_0.amount,p1_0.id,p1_0.age,p1_0.name,t1_0.status,t1_0.transaction_date,i1_0.value from installment i1_0 left join transaction t1_0 on t1_0.id=i1_0.transaction_id left join person p1_0 on p1_0.id=t1_0.person_id where i1_0.id=?
Hibernate: select i1_0.id,i1_0.installment_number,t1_0.id,t1_0.amount,p1_0.id,p1_0.age,p1_0.name,t1_0.status,t1_0.transaction_date,i1_0.value from installment i1_0 left join transaction t1_0 on t1_0.id=i1_0.transaction_id left join person p1_0 on p1_0.id=t1_0.person_id where i1_0.id=?
Hibernate: select i1_0.id,i1_0.installment_number,t1_0.id,t1_0.amount,p1_0.id,p1_0.age,p1_0.name,t1_0.status,t1_0.transaction_date,i1_0.value from installment i1_0 left join transaction t1_0 on t1_0.id=i1_0.transaction_id left join person p1_0 on p1_0.id=t1_0.person_id where i1_0.id=?
Hibernate: select i1_0.id,i1_0.installment_number,t1_0.id,t1_0.amount,p1_0.id,p1_0.age,p1_0.name,t1_0.status,t1_0.transaction_date,i1_0.value from installment i1_0 left join transaction t1_0 on t1_0.id=i1_0.transaction_id left join person p1_0 on p1_0.id=t1_0.person_id where i1_0.id=?
Hibernate: select i1_0.id,i1_0.installment_number,t1_0.id,t1_0.amount,p1_0.id,p1_0.age,p1_0.name,t1_0.status,t1_0.transaction_date,i1_0.value from installment i1_0 left join transaction t1_0 on t1_0.id=i1_0.transaction_id left join person p1_0 on p1_0.id=t1_0.person_id where i1_0.id=?
Hibernate: insert into person (age,name,id) values (?,?,?)
Hibernate: insert into transaction (amount,person_id,status,transaction_date,id) values (?,?,?,?,?)
Hibernate: insert into installment (installment_number,transaction_id,value,id) values (?,?,?,?)
Hibernate: insert into installment (installment_number,transaction_id,value,id) values (?,?,?,?)
Hibernate: insert into installment (installment_number,transaction_id,value,id) values (?,?,?,?)
Hibernate: insert into installment (installment_number,transaction_id,value,id) values (?,?,?,?)
Hibernate: insert into installment (installment_number,transaction_id,value,id) values (?,?,?,?)
Hibernate: insert into installment (installment_number,transaction_id,value,id) values (?,?,?,?)
Hibernate: insert into installment (installment_number,transaction_id,value,id) values (?,?,?,?)
Hibernate: insert into installment (installment_number,transaction_id,value,id) values (?,?,?,?)
2024-02-04T20:50:21.090-03:00  INFO 639004 --- [ntContainer#1-1] d.c.m.listeners.TransactionConsumer      : Processed transaction fd3d61c9-db65-4371-bce5-d0898894eca0
Hibernate: select t1_0.id,t1_0.amount,t1_0.person_id,t1_0.status,t1_0.transaction_date from transaction t1_0 where t1_0.id=?
Hibernate: select p1_0.id,p1_0.age,p1_0.name,t1_0.person_id,t1_0.id,t1_0.amount,t1_0.status,t1_0.transaction_date from person p1_0 left join transaction t1_0 on p1_0.id=t1_0.person_id where p1_0.id=?
Hibernate: select t1_0.id,t1_0.amount,i1_0.transaction_id,i1_0.id,i1_0.installment_number,i1_0.value,p1_0.id,p1_0.age,p1_0.name,t1_0.status,t1_0.transaction_date from transaction t1_0 left join installment i1_0 on t1_0.id=i1_0.transaction_id left join person p1_0 on p1_0.id=t1_0.person_id where t1_0.id=?
Hibernate: select p1_0.id,p1_0.age,p1_0.name,t1_0.person_id,t1_0.id,t1_0.amount,t1_0.status,t1_0.transaction_date from person p1_0 left join transaction t1_0 on p1_0.id=t1_0.person_id where p1_0.id=?
Hibernate: select i1_0.id,i1_0.installment_number,t1_0.id,t1_0.amount,p1_0.id,p1_0.age,p1_0.name,t1_0.status,t1_0.transaction_date,i1_0.value from installment i1_0 left join transaction t1_0 on t1_0.id=i1_0.transaction_id left join person p1_0 on p1_0.id=t1_0.person_id where i1_0.id=?
Hibernate: select i1_0.id,i1_0.installment_number,t1_0.id,t1_0.amount,p1_0.id,p1_0.age,p1_0.name,t1_0.status,t1_0.transaction_date,i1_0.value from installment i1_0 left join transaction t1_0 on t1_0.id=i1_0.transaction_id left join person p1_0 on p1_0.id=t1_0.person_id where i1_0.id=?
Hibernate: select i1_0.id,i1_0.installment_number,t1_0.id,t1_0.amount,p1_0.id,p1_0.age,p1_0.name,t1_0.status,t1_0.transaction_date,i1_0.value from installment i1_0 left join transaction t1_0 on t1_0.id=i1_0.transaction_id left join person p1_0 on p1_0.id=t1_0.person_id where i1_0.id=?
Hibernate: select i1_0.id,i1_0.installment_number,t1_0.id,t1_0.amount,p1_0.id,p1_0.age,p1_0.name,t1_0.status,t1_0.transaction_date,i1_0.value from installment i1_0 left join transaction t1_0 on t1_0.id=i1_0.transaction_id left join person p1_0 on p1_0.id=t1_0.person_id where i1_0.id=?
Hibernate: select i1_0.id,i1_0.installment_number,t1_0.id,t1_0.amount,p1_0.id,p1_0.age,p1_0.name,t1_0.status,t1_0.transaction_date,i1_0.value from installment i1_0 left join transaction t1_0 on t1_0.id=i1_0.transaction_id left join person p1_0 on p1_0.id=t1_0.person_id where i1_0.id=?
Hibernate: select i1_0.id,i1_0.installment_number,t1_0.id,t1_0.amount,p1_0.id,p1_0.age,p1_0.name,t1_0.status,t1_0.transaction_date,i1_0.value from installment i1_0 left join transaction t1_0 on t1_0.id=i1_0.transaction_id left join person p1_0 on p1_0.id=t1_0.person_id where i1_0.id=?
Hibernate: select i1_0.id,i1_0.installment_number,t1_0.id,t1_0.amount,p1_0.id,p1_0.age,p1_0.name,t1_0.status,t1_0.transaction_date,i1_0.value from installment i1_0 left join transaction t1_0 on t1_0.id=i1_0.transaction_id left join person p1_0 on p1_0.id=t1_0.person_id where i1_0.id=?
Hibernate: select i1_0.id,i1_0.installment_number,t1_0.id,t1_0.amount,p1_0.id,p1_0.age,p1_0.name,t1_0.status,t1_0.transaction_date,i1_0.value from installment i1_0 left join transaction t1_0 on t1_0.id=i1_0.transaction_id left join person p1_0 on p1_0.id=t1_0.person_id where i1_0.id=?
Hibernate: select i1_0.id,i1_0.installment_number,t1_0.id,t1_0.amount,p1_0.id,p1_0.age,p1_0.name,t1_0.status,t1_0.transaction_date,i1_0.value from installment i1_0 left join transaction t1_0 on t1_0.id=i1_0.transaction_id left join person p1_0 on p1_0.id=t1_0.person_id where i1_0.id=?
Hibernate: select i1_0.id,i1_0.installment_number,t1_0.id,t1_0.amount,p1_0.id,p1_0.age,p1_0.name,t1_0.status,t1_0.transaction_date,i1_0.value from installment i1_0 left join transaction t1_0 on t1_0.id=i1_0.transaction_id left join person p1_0 on p1_0.id=t1_0.person_id where i1_0.id=?
Hibernate: select i1_0.id,i1_0.installment_number,t1_0.id,t1_0.amount,p1_0.id,p1_0.age,p1_0.name,t1_0.status,t1_0.transaction_date,i1_0.value from installment i1_0 left join transaction t1_0 on t1_0.id=i1_0.transaction_id left join person p1_0 on p1_0.id=t1_0.person_id where i1_0.id=?
Hibernate: insert into person (age,name,id) values (?,?,?)
Hibernate: insert into transaction (amount,person_id,status,transaction_date,id) values (?,?,?,?,?)
Hibernate: insert into installment (installment_number,transaction_id,value,id) values (?,?,?,?)
Hibernate: insert into installment (installment_number,transaction_id,value,id) values (?,?,?,?)
Hibernate: insert into installment (installment_number,transaction_id,value,id) values (?,?,?,?)
Hibernate: insert into installment (installment_number,transaction_id,value,id) values (?,?,?,?)
Hibernate: insert into installment (installment_number,transaction_id,value,id) values (?,?,?,?)
Hibernate: insert into installment (installment_number,transaction_id,value,id) values (?,?,?,?)
Hibernate: insert into installment (installment_number,transaction_id,value,id) values (?,?,?,?)
Hibernate: insert into installment (installment_number,transaction_id,value,id) values (?,?,?,?)
Hibernate: insert into installment (installment_number,transaction_id,value,id) values (?,?,?,?)
Hibernate: insert into installment (installment_number,transaction_id,value,id) values (?,?,?,?)
Hibernate: insert into installment (installment_number,transaction_id,value,id) values (?,?,?,?)
2024-02-04T20:50:21.108-03:00  INFO 639004 --- [ntContainer#1-1] d.c.m.listeners.TransactionConsumer      : Processed transaction b7bed773-3538-4de5-b5ce-6d85b913e957
Hibernate: select t1_0.id,t1_0.amount,t1_0.person_id,t1_0.status,t1_0.transaction_date from transaction t1_0 where t1_0.id=?
Hibernate: select p1_0.id,p1_0.age,p1_0.name,t1_0.person_id,t1_0.id,t1_0.amount,t1_0.status,t1_0.transaction_date from person p1_0 left join transaction t1_0 on p1_0.id=t1_0.person_id where p1_0.id=?
Hibernate: select t1_0.id,t1_0.amount,i1_0.transaction_id,i1_0.id,i1_0.installment_number,i1_0.value,p1_0.id,p1_0.age,p1_0.name,t1_0.status,t1_0.transaction_date from transaction t1_0 left join installment i1_0 on t1_0.id=i1_0.transaction_id left join person p1_0 on p1_0.id=t1_0.person_id where t1_0.id=?
Hibernate: select p1_0.id,p1_0.age,p1_0.name,t1_0.person_id,t1_0.id,t1_0.amount,t1_0.status,t1_0.transaction_date from person p1_0 left join transaction t1_0 on p1_0.id=t1_0.person_id where p1_0.id=?
Hibernate: select i1_0.id,i1_0.installment_number,t1_0.id,t1_0.amount,p1_0.id,p1_0.age,p1_0.name,t1_0.status,t1_0.transaction_date,i1_0.value from installment i1_0 left join transaction t1_0 on t1_0.id=i1_0.transaction_id left join person p1_0 on p1_0.id=t1_0.person_id where i1_0.id=?
Hibernate: insert into person (age,name,id) values (?,?,?)
Hibernate: insert into transaction (amount,person_id,status,transaction_date,id) values (?,?,?,?,?)
Hibernate: insert into installment (installment_number,transaction_id,value,id) values (?,?,?,?)
2024-02-04T20:50:21.118-03:00  INFO 639004 --- [ntContainer#1-1] d.c.m.listeners.TransactionConsumer      : Processed transaction ae83cd20-7143-4201-a103-b119bdd465d3
Hibernate: select t1_0.id,t1_0.amount,t1_0.person_id,t1_0.status,t1_0.transaction_date from transaction t1_0 where t1_0.id=?
Hibernate: select p1_0.id,p1_0.age,p1_0.name,t1_0.person_id,t1_0.id,t1_0.amount,t1_0.status,t1_0.transaction_date from person p1_0 left join transaction t1_0 on p1_0.id=t1_0.person_id where p1_0.id=?
Hibernate: select t1_0.id,t1_0.amount,i1_0.transaction_id,i1_0.id,i1_0.installment_number,i1_0.value,p1_0.id,p1_0.age,p1_0.name,t1_0.status,t1_0.transaction_date from transaction t1_0 left join installment i1_0 on t1_0.id=i1_0.transaction_id left join person p1_0 on p1_0.id=t1_0.person_id where t1_0.id=?
Hibernate: select p1_0.id,p1_0.age,p1_0.name,t1_0.person_id,t1_0.id,t1_0.amount,t1_0.status,t1_0.transaction_date from person p1_0 left join transaction t1_0 on p1_0.id=t1_0.person_id where p1_0.id=?
Hibernate: select i1_0.id,i1_0.installment_number,t1_0.id,t1_0.amount,p1_0.id,p1_0.age,p1_0.name,t1_0.status,t1_0.transaction_date,i1_0.value from installment i1_0 left join transaction t1_0 on t1_0.id=i1_0.transaction_id left join person p1_0 on p1_0.id=t1_0.person_id where i1_0.id=?
Hibernate: select i1_0.id,i1_0.installment_number,t1_0.id,t1_0.amount,p1_0.id,p1_0.age,p1_0.name,t1_0.status,t1_0.transaction_date,i1_0.value from installment i1_0 left join transaction t1_0 on t1_0.id=i1_0.transaction_id left join person p1_0 on p1_0.id=t1_0.person_id where i1_0.id=?
Hibernate: insert into person (age,name,id) values (?,?,?)
Hibernate: insert into transaction (amount,person_id,status,transaction_date,id) values (?,?,?,?,?)
Hibernate: insert into installment (installment_number,transaction_id,value,id) values (?,?,?,?)
Hibernate: insert into installment (installment_number,transaction_id,value,id) values (?,?,?,?)
2024-02-04T20:50:21.131-03:00  INFO 639004 --- [ntContainer#1-1] d.c.m.listeners.TransactionConsumer      : Processed transaction dcd93cda-d0fd-4141-ab84-ce6e958c3bfe
Hibernate: select t1_0.id,t1_0.amount,t1_0.person_id,t1_0.status,t1_0.transaction_date from transaction t1_0 where t1_0.id=?
Hibernate: select p1_0.id,p1_0.age,p1_0.name,t1_0.person_id,t1_0.id,t1_0.amount,t1_0.status,t1_0.transaction_date from person p1_0 left join transaction t1_0 on p1_0.id=t1_0.person_id where p1_0.id=?
Hibernate: select t1_0.id,t1_0.amount,i1_0.transaction_id,i1_0.id,i1_0.installment_number,i1_0.value,p1_0.id,p1_0.age,p1_0.name,t1_0.status,t1_0.transaction_date from transaction t1_0 left join installment i1_0 on t1_0.id=i1_0.transaction_id left join person p1_0 on p1_0.id=t1_0.person_id where t1_0.id=?
Hibernate: select p1_0.id,p1_0.age,p1_0.name,t1_0.person_id,t1_0.id,t1_0.amount,t1_0.status,t1_0.transaction_date from person p1_0 left join transaction t1_0 on p1_0.id=t1_0.person_id where p1_0.id=?
Hibernate: select i1_0.id,i1_0.installment_number,t1_0.id,t1_0.amount,p1_0.id,p1_0.age,p1_0.name,t1_0.status,t1_0.transaction_date,i1_0.value from installment i1_0 left join transaction t1_0 on t1_0.id=i1_0.transaction_id left join person p1_0 on p1_0.id=t1_0.person_id where i1_0.id=?
Hibernate: select i1_0.id,i1_0.installment_number,t1_0.id,t1_0.amount,p1_0.id,p1_0.age,p1_0.name,t1_0.status,t1_0.transaction_date,i1_0.value from installment i1_0 left join transaction t1_0 on t1_0.id=i1_0.transaction_id left join person p1_0 on p1_0.id=t1_0.person_id where i1_0.id=?
Hibernate: select i1_0.id,i1_0.installment_number,t1_0.id,t1_0.amount,p1_0.id,p1_0.age,p1_0.name,t1_0.status,t1_0.transaction_date,i1_0.value from installment i1_0 left join transaction t1_0 on t1_0.id=i1_0.transaction_id left join person p1_0 on p1_0.id=t1_0.person_id where i1_0.id=?
Hibernate: select i1_0.id,i1_0.installment_number,t1_0.id,t1_0.amount,p1_0.id,p1_0.age,p1_0.name,t1_0.status,t1_0.transaction_date,i1_0.value from installment i1_0 left join transaction t1_0 on t1_0.id=i1_0.transaction_id left join person p1_0 on p1_0.id=t1_0.person_id where i1_0.id=?
Hibernate: select i1_0.id,i1_0.installment_number,t1_0.id,t1_0.amount,p1_0.id,p1_0.age,p1_0.name,t1_0.status,t1_0.transaction_date,i1_0.value from installment i1_0 left join transaction t1_0 on t1_0.id=i1_0.transaction_id left join person p1_0 on p1_0.id=t1_0.person_id where i1_0.id=?
Hibernate: select i1_0.id,i1_0.installment_number,t1_0.id,t1_0.amount,p1_0.id,p1_0.age,p1_0.name,t1_0.status,t1_0.transaction_date,i1_0.value from installment i1_0 left join transaction t1_0 on t1_0.id=i1_0.transaction_id left join person p1_0 on p1_0.id=t1_0.person_id where i1_0.id=?
Hibernate: select i1_0.id,i1_0.installment_number,t1_0.id,t1_0.amount,p1_0.id,p1_0.age,p1_0.name,t1_0.status,t1_0.transaction_date,i1_0.value from installment i1_0 left join transaction t1_0 on t1_0.id=i1_0.transaction_id left join person p1_0 on p1_0.id=t1_0.person_id where i1_0.id=?
Hibernate: select i1_0.id,i1_0.installment_number,t1_0.id,t1_0.amount,p1_0.id,p1_0.age,p1_0.name,t1_0.status,t1_0.transaction_date,i1_0.value from installment i1_0 left join transaction t1_0 on t1_0.id=i1_0.transaction_id left join person p1_0 on p1_0.id=t1_0.person_id where i1_0.id=?
Hibernate: insert into person (age,name,id) values (?,?,?)
Hibernate: insert into transaction (amount,person_id,status,transaction_date,id) values (?,?,?,?,?)
Hibernate: insert into installment (installment_number,transaction_id,value,id) values (?,?,?,?)
Hibernate: insert into installment (installment_number,transaction_id,value,id) values (?,?,?,?)
Hibernate: insert into installment (installment_number,transaction_id,value,id) values (?,?,?,?)
Hibernate: insert into installment (installment_number,transaction_id,value,id) values (?,?,?,?)
Hibernate: insert into installment (installment_number,transaction_id,value,id) values (?,?,?,?)
Hibernate: insert into installment (installment_number,transaction_id,value,id) values (?,?,?,?)
Hibernate: insert into installment (installment_number,transaction_id,value,id) values (?,?,?,?)
Hibernate: insert into installment (installment_number,transaction_id,value,id) values (?,?,?,?)
2024-02-04T20:50:21.151-03:00  INFO 639004 --- [ntContainer#1-1] d.c.m.listeners.TransactionConsumer      : Processed transaction 6a9dcf70-b14c-45ae-80fa-2845c6a64f2c
Hibernate: select t1_0.id,t1_0.amount,t1_0.person_id,t1_0.status,t1_0.transaction_date from transaction t1_0 where t1_0.id=?
Hibernate: select p1_0.id,p1_0.age,p1_0.name,t1_0.person_id,t1_0.id,t1_0.amount,t1_0.status,t1_0.transaction_date from person p1_0 left join transaction t1_0 on p1_0.id=t1_0.person_id where p1_0.id=?
Hibernate: select t1_0.id,t1_0.amount,i1_0.transaction_id,i1_0.id,i1_0.installment_number,i1_0.value,p1_0.id,p1_0.age,p1_0.name,t1_0.status,t1_0.transaction_date from transaction t1_0 left join installment i1_0 on t1_0.id=i1_0.transaction_id left join person p1_0 on p1_0.id=t1_0.person_id where t1_0.id=?
Hibernate: select p1_0.id,p1_0.age,p1_0.name,t1_0.person_id,t1_0.id,t1_0.amount,t1_0.status,t1_0.transaction_date from person p1_0 left join transaction t1_0 on p1_0.id=t1_0.person_id where p1_0.id=?
Hibernate: select i1_0.id,i1_0.installment_number,t1_0.id,t1_0.amount,p1_0.id,p1_0.age,p1_0.name,t1_0.status,t1_0.transaction_date,i1_0.value from installment i1_0 left join transaction t1_0 on t1_0.id=i1_0.transaction_id left join person p1_0 on p1_0.id=t1_0.person_id where i1_0.id=?
Hibernate: select i1_0.id,i1_0.installment_number,t1_0.id,t1_0.amount,p1_0.id,p1_0.age,p1_0.name,t1_0.status,t1_0.transaction_date,i1_0.value from installment i1_0 left join transaction t1_0 on t1_0.id=i1_0.transaction_id left join person p1_0 on p1_0.id=t1_0.person_id where i1_0.id=?
Hibernate: select i1_0.id,i1_0.installment_number,t1_0.id,t1_0.amount,p1_0.id,p1_0.age,p1_0.name,t1_0.status,t1_0.transaction_date,i1_0.value from installment i1_0 left join transaction t1_0 on t1_0.id=i1_0.transaction_id left join person p1_0 on p1_0.id=t1_0.person_id where i1_0.id=?
Hibernate: select i1_0.id,i1_0.installment_number,t1_0.id,t1_0.amount,p1_0.id,p1_0.age,p1_0.name,t1_0.status,t1_0.transaction_date,i1_0.value from installment i1_0 left join transaction t1_0 on t1_0.id=i1_0.transaction_id left join person p1_0 on p1_0.id=t1_0.person_id where i1_0.id=?
Hibernate: select i1_0.id,i1_0.installment_number,t1_0.id,t1_0.amount,p1_0.id,p1_0.age,p1_0.name,t1_0.status,t1_0.transaction_date,i1_0.value from installment i1_0 left join transaction t1_0 on t1_0.id=i1_0.transaction_id left join person p1_0 on p1_0.id=t1_0.person_id where i1_0.id=?
Hibernate: select i1_0.id,i1_0.installment_number,t1_0.id,t1_0.amount,p1_0.id,p1_0.age,p1_0.name,t1_0.status,t1_0.transaction_date,i1_0.value from installment i1_0 left join transaction t1_0 on t1_0.id=i1_0.transaction_id left join person p1_0 on p1_0.id=t1_0.person_id where i1_0.id=?
Hibernate: insert into person (age,name,id) values (?,?,?)
Hibernate: insert into transaction (amount,person_id,status,transaction_date,id) values (?,?,?,?,?)
Hibernate: insert into installment (installment_number,transaction_id,value,id) values (?,?,?,?)
Hibernate: insert into installment (installment_number,transaction_id,value,id) values (?,?,?,?)
Hibernate: insert into installment (installment_number,transaction_id,value,id) values (?,?,?,?)
Hibernate: insert into installment (installment_number,transaction_id,value,id) values (?,?,?,?)
Hibernate: insert into installment (installment_number,transaction_id,value,id) values (?,?,?,?)
Hibernate: insert into installment (installment_number,transaction_id,value,id) values (?,?,?,?)
2024-02-04T20:50:21.169-03:00  INFO 639004 --- [ntContainer#1-1] d.c.m.listeners.TransactionConsumer      : Processed transaction 24735ad9-a488-4abc-a758-81c265b104b6
Hibernate: select t1_0.id,t1_0.amount,t1_0.person_id,t1_0.status,t1_0.transaction_date from transaction t1_0 where t1_0.id=?
Hibernate: select p1_0.id,p1_0.age,p1_0.name,t1_0.person_id,t1_0.id,t1_0.amount,t1_0.status,t1_0.transaction_date from person p1_0 left join transaction t1_0 on p1_0.id=t1_0.person_id where p1_0.id=?
Hibernate: select t1_0.id,t1_0.amount,i1_0.transaction_id,i1_0.id,i1_0.installment_number,i1_0.value,p1_0.id,p1_0.age,p1_0.name,t1_0.status,t1_0.transaction_date from transaction t1_0 left join installment i1_0 on t1_0.id=i1_0.transaction_id left join person p1_0 on p1_0.id=t1_0.person_id where t1_0.id=?
Hibernate: select p1_0.id,p1_0.age,p1_0.name,t1_0.person_id,t1_0.id,t1_0.amount,t1_0.status,t1_0.transaction_date from person p1_0 left join transaction t1_0 on p1_0.id=t1_0.person_id where p1_0.id=?
Hibernate: select i1_0.id,i1_0.installment_number,t1_0.id,t1_0.amount,p1_0.id,p1_0.age,p1_0.name,t1_0.status,t1_0.transaction_date,i1_0.value from installment i1_0 left join transaction t1_0 on t1_0.id=i1_0.transaction_id left join person p1_0 on p1_0.id=t1_0.person_id where i1_0.id=?
Hibernate: select i1_0.id,i1_0.installment_number,t1_0.id,t1_0.amount,p1_0.id,p1_0.age,p1_0.name,t1_0.status,t1_0.transaction_date,i1_0.value from installment i1_0 left join transaction t1_0 on t1_0.id=i1_0.transaction_id left join person p1_0 on p1_0.id=t1_0.person_id where i1_0.id=?
Hibernate: select i1_0.id,i1_0.installment_number,t1_0.id,t1_0.amount,p1_0.id,p1_0.age,p1_0.name,t1_0.status,t1_0.transaction_date,i1_0.value from installment i1_0 left join transaction t1_0 on t1_0.id=i1_0.transaction_id left join person p1_0 on p1_0.id=t1_0.person_id where i1_0.id=?
Hibernate: select i1_0.id,i1_0.installment_number,t1_0.id,t1_0.amount,p1_0.id,p1_0.age,p1_0.name,t1_0.status,t1_0.transaction_date,i1_0.value from installment i1_0 left join transaction t1_0 on t1_0.id=i1_0.transaction_id left join person p1_0 on p1_0.id=t1_0.person_id where i1_0.id=?
Hibernate: select i1_0.id,i1_0.installment_number,t1_0.id,t1_0.amount,p1_0.id,p1_0.age,p1_0.name,t1_0.status,t1_0.transaction_date,i1_0.value from installment i1_0 left join transaction t1_0 on t1_0.id=i1_0.transaction_id left join person p1_0 on p1_0.id=t1_0.person_id where i1_0.id=?
Hibernate: select i1_0.id,i1_0.installment_number,t1_0.id,t1_0.amount,p1_0.id,p1_0.age,p1_0.name,t1_0.status,t1_0.transaction_date,i1_0.value from installment i1_0 left join transaction t1_0 on t1_0.id=i1_0.transaction_id left join person p1_0 on p1_0.id=t1_0.person_id where i1_0.id=?
Hibernate: select i1_0.id,i1_0.installment_number,t1_0.id,t1_0.amount,p1_0.id,p1_0.age,p1_0.name,t1_0.status,t1_0.transaction_date,i1_0.value from installment i1_0 left join transaction t1_0 on t1_0.id=i1_0.transaction_id left join person p1_0 on p1_0.id=t1_0.person_id where i1_0.id=?
Hibernate: select i1_0.id,i1_0.installment_number,t1_0.id,t1_0.amount,p1_0.id,p1_0.age,p1_0.name,t1_0.status,t1_0.transaction_date,i1_0.value from installment i1_0 left join transaction t1_0 on t1_0.id=i1_0.transaction_id left join person p1_0 on p1_0.id=t1_0.person_id where i1_0.id=?
Hibernate: insert into person (age,name,id) values (?,?,?)
Hibernate: insert into transaction (amount,person_id,status,transaction_date,id) values (?,?,?,?,?)
Hibernate: insert into installment (installment_number,transaction_id,value,id) values (?,?,?,?)
Hibernate: insert into installment (installment_number,transaction_id,value,id) values (?,?,?,?)
Hibernate: insert into installment (installment_number,transaction_id,value,id) values (?,?,?,?)
Hibernate: insert into installment (installment_number,transaction_id,value,id) values (?,?,?,?)
Hibernate: insert into installment (installment_number,transaction_id,value,id) values (?,?,?,?)
Hibernate: insert into installment (installment_number,transaction_id,value,id) values (?,?,?,?)
Hibernate: insert into installment (installment_number,transaction_id,value,id) values (?,?,?,?)
Hibernate: insert into installment (installment_number,transaction_id,value,id) values (?,?,?,?)
2024-02-04T20:50:21.191-03:00  INFO 639004 --- [ntContainer#1-1] d.c.m.listeners.TransactionConsumer      : Processed transaction 8beeedc4-1043-4da8-9710-0ff121f9170c
Hibernate: select t1_0.id,t1_0.amount,t1_0.person_id,t1_0.status,t1_0.transaction_date from transaction t1_0 where t1_0.id=?
Hibernate: select p1_0.id,p1_0.age,p1_0.name,t1_0.person_id,t1_0.id,t1_0.amount,t1_0.status,t1_0.transaction_date from person p1_0 left join transaction t1_0 on p1_0.id=t1_0.person_id where p1_0.id=?
Hibernate: select t1_0.id,t1_0.amount,i1_0.transaction_id,i1_0.id,i1_0.installment_number,i1_0.value,p1_0.id,p1_0.age,p1_0.name,t1_0.status,t1_0.transaction_date from transaction t1_0 left join installment i1_0 on t1_0.id=i1_0.transaction_id left join person p1_0 on p1_0.id=t1_0.person_id where t1_0.id=?
Hibernate: select p1_0.id,p1_0.age,p1_0.name,t1_0.person_id,t1_0.id,t1_0.amount,t1_0.status,t1_0.transaction_date from person p1_0 left join transaction t1_0 on p1_0.id=t1_0.person_id where p1_0.id=?
Hibernate: select i1_0.id,i1_0.installment_number,t1_0.id,t1_0.amount,p1_0.id,p1_0.age,p1_0.name,t1_0.status,t1_0.transaction_date,i1_0.value from installment i1_0 left join transaction t1_0 on t1_0.id=i1_0.transaction_id left join person p1_0 on p1_0.id=t1_0.person_id where i1_0.id=?
Hibernate: insert into person (age,name,id) values (?,?,?)
Hibernate: insert into transaction (amount,person_id,status,transaction_date,id) values (?,?,?,?,?)
Hibernate: insert into installment (installment_number,transaction_id,value,id) values (?,?,?,?)
2024-02-04T20:50:21.206-03:00  INFO 639004 --- [ntContainer#1-1] d.c.m.listeners.TransactionConsumer      : Processed transaction 062a1f43-4aba-4384-9007-e9718a75d864
Hibernate: select t1_0.id,t1_0.amount,t1_0.person_id,t1_0.status,t1_0.transaction_date from transaction t1_0 where t1_0.id=?
Hibernate: select p1_0.id,p1_0.age,p1_0.name,t1_0.person_id,t1_0.id,t1_0.amount,t1_0.status,t1_0.transaction_date from person p1_0 left join transaction t1_0 on p1_0.id=t1_0.person_id where p1_0.id=?
Hibernate: select t1_0.id,t1_0.amount,i1_0.transaction_id,i1_0.id,i1_0.installment_number,i1_0.value,p1_0.id,p1_0.age,p1_0.name,t1_0.status,t1_0.transaction_date from transaction t1_0 left join installment i1_0 on t1_0.id=i1_0.transaction_id left join person p1_0 on p1_0.id=t1_0.person_id where t1_0.id=?
Hibernate: select p1_0.id,p1_0.age,p1_0.name,t1_0.person_id,t1_0.id,t1_0.amount,t1_0.status,t1_0.transaction_date from person p1_0 left join transaction t1_0 on p1_0.id=t1_0.person_id where p1_0.id=?
Hibernate: select i1_0.id,i1_0.installment_number,t1_0.id,t1_0.amount,p1_0.id,p1_0.age,p1_0.name,t1_0.status,t1_0.transaction_date,i1_0.value from installment i1_0 left join transaction t1_0 on t1_0.id=i1_0.transaction_id left join person p1_0 on p1_0.id=t1_0.person_id where i1_0.id=?
Hibernate: select i1_0.id,i1_0.installment_number,t1_0.id,t1_0.amount,p1_0.id,p1_0.age,p1_0.name,t1_0.status,t1_0.transaction_date,i1_0.value from installment i1_0 left join transaction t1_0 on t1_0.id=i1_0.transaction_id left join person p1_0 on p1_0.id=t1_0.person_id where i1_0.id=?
Hibernate: select i1_0.id,i1_0.installment_number,t1_0.id,t1_0.amount,p1_0.id,p1_0.age,p1_0.name,t1_0.status,t1_0.transaction_date,i1_0.value from installment i1_0 left join transaction t1_0 on t1_0.id=i1_0.transaction_id left join person p1_0 on p1_0.id=t1_0.person_id where i1_0.id=?
Hibernate: select i1_0.id,i1_0.installment_number,t1_0.id,t1_0.amount,p1_0.id,p1_0.age,p1_0.name,t1_0.status,t1_0.transaction_date,i1_0.value from installment i1_0 left join transaction t1_0 on t1_0.id=i1_0.transaction_id left join person p1_0 on p1_0.id=t1_0.person_id where i1_0.id=?
Hibernate: select i1_0.id,i1_0.installment_number,t1_0.id,t1_0.amount,p1_0.id,p1_0.age,p1_0.name,t1_0.status,t1_0.transaction_date,i1_0.value from installment i1_0 left join transaction t1_0 on t1_0.id=i1_0.transaction_id left join person p1_0 on p1_0.id=t1_0.person_id where i1_0.id=?
Hibernate: select i1_0.id,i1_0.installment_number,t1_0.id,t1_0.amount,p1_0.id,p1_0.age,p1_0.name,t1_0.status,t1_0.transaction_date,i1_0.value from installment i1_0 left join transaction t1_0 on t1_0.id=i1_0.transaction_id left join person p1_0 on p1_0.id=t1_0.person_id where i1_0.id=?
Hibernate: select i1_0.id,i1_0.installment_number,t1_0.id,t1_0.amount,p1_0.id,p1_0.age,p1_0.name,t1_0.status,t1_0.transaction_date,i1_0.value from installment i1_0 left join transaction t1_0 on t1_0.id=i1_0.transaction_id left join person p1_0 on p1_0.id=t1_0.person_id where i1_0.id=?
Hibernate: select i1_0.id,i1_0.installment_number,t1_0.id,t1_0.amount,p1_0.id,p1_0.age,p1_0.name,t1_0.status,t1_0.transaction_date,i1_0.value from installment i1_0 left join transaction t1_0 on t1_0.id=i1_0.transaction_id left join person p1_0 on p1_0.id=t1_0.person_id where i1_0.id=?
Hibernate: select i1_0.id,i1_0.installment_number,t1_0.id,t1_0.amount,p1_0.id,p1_0.age,p1_0.name,t1_0.status,t1_0.transaction_date,i1_0.value from installment i1_0 left join transaction t1_0 on t1_0.id=i1_0.transaction_id left join person p1_0 on p1_0.id=t1_0.person_id where i1_0.id=?
Hibernate: insert into person (age,name,id) values (?,?,?)
Hibernate: insert into transaction (amount,person_id,status,transaction_date,id) values (?,?,?,?,?)
Hibernate: insert into installment (installment_number,transaction_id,value,id) values (?,?,?,?)
Hibernate: insert into installment (installment_number,transaction_id,value,id) values (?,?,?,?)
Hibernate: insert into installment (installment_number,transaction_id,value,id) values (?,?,?,?)
Hibernate: insert into installment (installment_number,transaction_id,value,id) values (?,?,?,?)
Hibernate: insert into installment (installment_number,transaction_id,value,id) values (?,?,?,?)
Hibernate: insert into installment (installment_number,transaction_id,value,id) values (?,?,?,?)
Hibernate: insert into installment (installment_number,transaction_id,value,id) values (?,?,?,?)
Hibernate: insert into installment (installment_number,transaction_id,value,id) values (?,?,?,?)
Hibernate: insert into installment (installment_number,transaction_id,value,id) values (?,?,?,?)
2024-02-04T20:50:21.229-03:00  INFO 639004 --- [ntContainer#1-1] d.c.m.listeners.TransactionConsumer      : Processed transaction 159c0ada-223d-48f1-b1e2-10a44e3140a3
Hibernate: select t1_0.id,t1_0.amount,t1_0.person_id,t1_0.status,t1_0.transaction_date from transaction t1_0 where t1_0.id=?
Hibernate: select p1_0.id,p1_0.age,p1_0.name,t1_0.person_id,t1_0.id,t1_0.amount,t1_0.status,t1_0.transaction_date from person p1_0 left join transaction t1_0 on p1_0.id=t1_0.person_id where p1_0.id=?
Hibernate: select t1_0.id,t1_0.amount,i1_0.transaction_id,i1_0.id,i1_0.installment_number,i1_0.value,p1_0.id,p1_0.age,p1_0.name,t1_0.status,t1_0.transaction_date from transaction t1_0 left join installment i1_0 on t1_0.id=i1_0.transaction_id left join person p1_0 on p1_0.id=t1_0.person_id where t1_0.id=?
Hibernate: select p1_0.id,p1_0.age,p1_0.name,t1_0.person_id,t1_0.id,t1_0.amount,t1_0.status,t1_0.transaction_date from person p1_0 left join transaction t1_0 on p1_0.id=t1_0.person_id where p1_0.id=?
Hibernate: select i1_0.id,i1_0.installment_number,t1_0.id,t1_0.amount,p1_0.id,p1_0.age,p1_0.name,t1_0.status,t1_0.transaction_date,i1_0.value from installment i1_0 left join transaction t1_0 on t1_0.id=i1_0.transaction_id left join person p1_0 on p1_0.id=t1_0.person_id where i1_0.id=?
Hibernate: select i1_0.id,i1_0.installment_number,t1_0.id,t1_0.amount,p1_0.id,p1_0.age,p1_0.name,t1_0.status,t1_0.transaction_date,i1_0.value from installment i1_0 left join transaction t1_0 on t1_0.id=i1_0.transaction_id left join person p1_0 on p1_0.id=t1_0.person_id where i1_0.id=?
Hibernate: select i1_0.id,i1_0.installment_number,t1_0.id,t1_0.amount,p1_0.id,p1_0.age,p1_0.name,t1_0.status,t1_0.transaction_date,i1_0.value from installment i1_0 left join transaction t1_0 on t1_0.id=i1_0.transaction_id left join person p1_0 on p1_0.id=t1_0.person_id where i1_0.id=?
Hibernate: select i1_0.id,i1_0.installment_number,t1_0.id,t1_0.amount,p1_0.id,p1_0.age,p1_0.name,t1_0.status,t1_0.transaction_date,i1_0.value from installment i1_0 left join transaction t1_0 on t1_0.id=i1_0.transaction_id left join person p1_0 on p1_0.id=t1_0.person_id where i1_0.id=?
Hibernate: select i1_0.id,i1_0.installment_number,t1_0.id,t1_0.amount,p1_0.id,p1_0.age,p1_0.name,t1_0.status,t1_0.transaction_date,i1_0.value from installment i1_0 left join transaction t1_0 on t1_0.id=i1_0.transaction_id left join person p1_0 on p1_0.id=t1_0.person_id where i1_0.id=?
Hibernate: select i1_0.id,i1_0.installment_number,t1_0.id,t1_0.amount,p1_0.id,p1_0.age,p1_0.name,t1_0.status,t1_0.transaction_date,i1_0.value from installment i1_0 left join transaction t1_0 on t1_0.id=i1_0.transaction_id left join person p1_0 on p1_0.id=t1_0.person_id where i1_0.id=?
Hibernate: insert into person (age,name,id) values (?,?,?)
Hibernate: insert into transaction (amount,person_id,status,transaction_date,id) values (?,?,?,?,?)
Hibernate: insert into installment (installment_number,transaction_id,value,id) values (?,?,?,?)
Hibernate: insert into installment (installment_number,transaction_id,value,id) values (?,?,?,?)
Hibernate: insert into installment (installment_number,transaction_id,value,id) values (?,?,?,?)
Hibernate: insert into installment (installment_number,transaction_id,value,id) values (?,?,?,?)
Hibernate: insert into installment (installment_number,transaction_id,value,id) values (?,?,?,?)
Hibernate: insert into installment (installment_number,transaction_id,value,id) values (?,?,?,?)
2024-02-04T20:50:21.249-03:00  INFO 639004 --- [ntContainer#1-1] d.c.m.listeners.TransactionConsumer      : Processed transaction 8befbe00-99f0-4a1f-947c-7d5154b2116e
Hibernate: select t1_0.id,t1_0.amount,t1_0.person_id,t1_0.status,t1_0.transaction_date from transaction t1_0 where t1_0.id=?
Hibernate: select p1_0.id,p1_0.age,p1_0.name,t1_0.person_id,t1_0.id,t1_0.amount,t1_0.status,t1_0.transaction_date from person p1_0 left join transaction t1_0 on p1_0.id=t1_0.person_id where p1_0.id=?
Hibernate: select t1_0.id,t1_0.amount,i1_0.transaction_id,i1_0.id,i1_0.installment_number,i1_0.value,p1_0.id,p1_0.age,p1_0.name,t1_0.status,t1_0.transaction_date from transaction t1_0 left join installment i1_0 on t1_0.id=i1_0.transaction_id left join person p1_0 on p1_0.id=t1_0.person_id where t1_0.id=?
Hibernate: select p1_0.id,p1_0.age,p1_0.name,t1_0.person_id,t1_0.id,t1_0.amount,t1_0.status,t1_0.transaction_date from person p1_0 left join transaction t1_0 on p1_0.id=t1_0.person_id where p1_0.id=?
Hibernate: select i1_0.id,i1_0.installment_number,t1_0.id,t1_0.amount,p1_0.id,p1_0.age,p1_0.name,t1_0.status,t1_0.transaction_date,i1_0.value from installment i1_0 left join transaction t1_0 on t1_0.id=i1_0.transaction_id left join person p1_0 on p1_0.id=t1_0.person_id where i1_0.id=?
Hibernate: select i1_0.id,i1_0.installment_number,t1_0.id,t1_0.amount,p1_0.id,p1_0.age,p1_0.name,t1_0.status,t1_0.transaction_date,i1_0.value from installment i1_0 left join transaction t1_0 on t1_0.id=i1_0.transaction_id left join person p1_0 on p1_0.id=t1_0.person_id where i1_0.id=?
Hibernate: select i1_0.id,i1_0.installment_number,t1_0.id,t1_0.amount,p1_0.id,p1_0.age,p1_0.name,t1_0.status,t1_0.transaction_date,i1_0.value from installment i1_0 left join transaction t1_0 on t1_0.id=i1_0.transaction_id left join person p1_0 on p1_0.id=t1_0.person_id where i1_0.id=?
Hibernate: select i1_0.id,i1_0.installment_number,t1_0.id,t1_0.amount,p1_0.id,p1_0.age,p1_0.name,t1_0.status,t1_0.transaction_date,i1_0.value from installment i1_0 left join transaction t1_0 on t1_0.id=i1_0.transaction_id left join person p1_0 on p1_0.id=t1_0.person_id where i1_0.id=?
Hibernate: select i1_0.id,i1_0.installment_number,t1_0.id,t1_0.amount,p1_0.id,p1_0.age,p1_0.name,t1_0.status,t1_0.transaction_date,i1_0.value from installment i1_0 left join transaction t1_0 on t1_0.id=i1_0.transaction_id left join person p1_0 on p1_0.id=t1_0.person_id where i1_0.id=?
Hibernate: select i1_0.id,i1_0.installment_number,t1_0.id,t1_0.amount,p1_0.id,p1_0.age,p1_0.name,t1_0.status,t1_0.transaction_date,i1_0.value from installment i1_0 left join transaction t1_0 on t1_0.id=i1_0.transaction_id left join person p1_0 on p1_0.id=t1_0.person_id where i1_0.id=?
Hibernate: insert into person (age,name,id) values (?,?,?)
Hibernate: insert into transaction (amount,person_id,status,transaction_date,id) values (?,?,?,?,?)
Hibernate: insert into installment (installment_number,transaction_id,value,id) values (?,?,?,?)
Hibernate: insert into installment (installment_number,transaction_id,value,id) values (?,?,?,?)
Hibernate: insert into installment (installment_number,transaction_id,value,id) values (?,?,?,?)
Hibernate: insert into installment (installment_number,transaction_id,value,id) values (?,?,?,?)
Hibernate: insert into installment (installment_number,transaction_id,value,id) values (?,?,?,?)
Hibernate: insert into installment (installment_number,transaction_id,value,id) values (?,?,?,?)
2024-02-04T20:50:21.269-03:00  INFO 639004 --- [ntContainer#1-1] d.c.m.listeners.TransactionConsumer      : Processed transaction 875ae6d3-30af-45f6-a6d2-8021b73e2fd3
Hibernate: select t1_0.id,t1_0.amount,t1_0.person_id,t1_0.status,t1_0.transaction_date from transaction t1_0 where t1_0.id=?
Hibernate: select p1_0.id,p1_0.age,p1_0.name,t1_0.person_id,t1_0.id,t1_0.amount,t1_0.status,t1_0.transaction_date from person p1_0 left join transaction t1_0 on p1_0.id=t1_0.person_id where p1_0.id=?
Hibernate: select t1_0.id,t1_0.amount,i1_0.transaction_id,i1_0.id,i1_0.installment_number,i1_0.value,p1_0.id,p1_0.age,p1_0.name,t1_0.status,t1_0.transaction_date from transaction t1_0 left join installment i1_0 on t1_0.id=i1_0.transaction_id left join person p1_0 on p1_0.id=t1_0.person_id where t1_0.id=?
Hibernate: select p1_0.id,p1_0.age,p1_0.name,t1_0.person_id,t1_0.id,t1_0.amount,t1_0.status,t1_0.transaction_date from person p1_0 left join transaction t1_0 on p1_0.id=t1_0.person_id where p1_0.id=?
Hibernate: select i1_0.id,i1_0.installment_number,t1_0.id,t1_0.amount,p1_0.id,p1_0.age,p1_0.name,t1_0.status,t1_0.transaction_date,i1_0.value from installment i1_0 left join transaction t1_0 on t1_0.id=i1_0.transaction_id left join person p1_0 on p1_0.id=t1_0.person_id where i1_0.id=?
Hibernate: select i1_0.id,i1_0.installment_number,t1_0.id,t1_0.amount,p1_0.id,p1_0.age,p1_0.name,t1_0.status,t1_0.transaction_date,i1_0.value from installment i1_0 left join transaction t1_0 on t1_0.id=i1_0.transaction_id left join person p1_0 on p1_0.id=t1_0.person_id where i1_0.id=?
Hibernate: select i1_0.id,i1_0.installment_number,t1_0.id,t1_0.amount,p1_0.id,p1_0.age,p1_0.name,t1_0.status,t1_0.transaction_date,i1_0.value from installment i1_0 left join transaction t1_0 on t1_0.id=i1_0.transaction_id left join person p1_0 on p1_0.id=t1_0.person_id where i1_0.id=?
Hibernate: select i1_0.id,i1_0.installment_number,t1_0.id,t1_0.amount,p1_0.id,p1_0.age,p1_0.name,t1_0.status,t1_0.transaction_date,i1_0.value from installment i1_0 left join transaction t1_0 on t1_0.id=i1_0.transaction_id left join person p1_0 on p1_0.id=t1_0.person_id where i1_0.id=?
Hibernate: select i1_0.id,i1_0.installment_number,t1_0.id,t1_0.amount,p1_0.id,p1_0.age,p1_0.name,t1_0.status,t1_0.transaction_date,i1_0.value from installment i1_0 left join transaction t1_0 on t1_0.id=i1_0.transaction_id left join person p1_0 on p1_0.id=t1_0.person_id where i1_0.id=?
Hibernate: select i1_0.id,i1_0.installment_number,t1_0.id,t1_0.amount,p1_0.id,p1_0.age,p1_0.name,t1_0.status,t1_0.transaction_date,i1_0.value from installment i1_0 left join transaction t1_0 on t1_0.id=i1_0.transaction_id left join person p1_0 on p1_0.id=t1_0.person_id where i1_0.id=?
Hibernate: select i1_0.id,i1_0.installment_number,t1_0.id,t1_0.amount,p1_0.id,p1_0.age,p1_0.name,t1_0.status,t1_0.transaction_date,i1_0.value from installment i1_0 left join transaction t1_0 on t1_0.id=i1_0.transaction_id left join person p1_0 on p1_0.id=t1_0.person_id where i1_0.id=?
Hibernate: select i1_0.id,i1_0.installment_number,t1_0.id,t1_0.amount,p1_0.id,p1_0.age,p1_0.name,t1_0.status,t1_0.transaction_date,i1_0.value from installment i1_0 left join transaction t1_0 on t1_0.id=i1_0.transaction_id left join person p1_0 on p1_0.id=t1_0.person_id where i1_0.id=?
Hibernate: select i1_0.id,i1_0.installment_number,t1_0.id,t1_0.amount,p1_0.id,p1_0.age,p1_0.name,t1_0.status,t1_0.transaction_date,i1_0.value from installment i1_0 left join transaction t1_0 on t1_0.id=i1_0.transaction_id left join person p1_0 on p1_0.id=t1_0.person_id where i1_0.id=?
Hibernate: insert into person (age,name,id) values (?,?,?)
Hibernate: insert into transaction (amount,person_id,status,transaction_date,id) values (?,?,?,?,?)
Hibernate: insert into installment (installment_number,transaction_id,value,id) values (?,?,?,?)
Hibernate: insert into installment (installment_number,transaction_id,value,id) values (?,?,?,?)
Hibernate: insert into installment (installment_number,transaction_id,value,id) values (?,?,?,?)
Hibernate: insert into installment (installment_number,transaction_id,value,id) values (?,?,?,?)
Hibernate: insert into installment (installment_number,transaction_id,value,id) values (?,?,?,?)
Hibernate: insert into installment (installment_number,transaction_id,value,id) values (?,?,?,?)
Hibernate: insert into installment (installment_number,transaction_id,value,id) values (?,?,?,?)
Hibernate: insert into installment (installment_number,transaction_id,value,id) values (?,?,?,?)
Hibernate: insert into installment (installment_number,transaction_id,value,id) values (?,?,?,?)
2024-02-04T20:50:21.301-03:00  INFO 639004 --- [ntContainer#1-1] d.c.m.listeners.TransactionConsumer      : Processed transaction e5a497e8-8e2b-472f-95c2-b9b6357d3ab2
Hibernate: select t1_0.id,t1_0.amount,t1_0.person_id,t1_0.status,t1_0.transaction_date from transaction t1_0 where t1_0.id=?
Hibernate: select p1_0.id,p1_0.age,p1_0.name,t1_0.person_id,t1_0.id,t1_0.amount,t1_0.status,t1_0.transaction_date from person p1_0 left join transaction t1_0 on p1_0.id=t1_0.person_id where p1_0.id=?
Hibernate: select t1_0.id,t1_0.amount,i1_0.transaction_id,i1_0.id,i1_0.installment_number,i1_0.value,p1_0.id,p1_0.age,p1_0.name,t1_0.status,t1_0.transaction_date from transaction t1_0 left join installment i1_0 on t1_0.id=i1_0.transaction_id left join person p1_0 on p1_0.id=t1_0.person_id where t1_0.id=?
Hibernate: select p1_0.id,p1_0.age,p1_0.name,t1_0.person_id,t1_0.id,t1_0.amount,t1_0.status,t1_0.transaction_date from person p1_0 left join transaction t1_0 on p1_0.id=t1_0.person_id where p1_0.id=?
Hibernate: select i1_0.id,i1_0.installment_number,t1_0.id,t1_0.amount,p1_0.id,p1_0.age,p1_0.name,t1_0.status,t1_0.transaction_date,i1_0.value from installment i1_0 left join transaction t1_0 on t1_0.id=i1_0.transaction_id left join person p1_0 on p1_0.id=t1_0.person_id where i1_0.id=?
Hibernate: select i1_0.id,i1_0.installment_number,t1_0.id,t1_0.amount,p1_0.id,p1_0.age,p1_0.name,t1_0.status,t1_0.transaction_date,i1_0.value from installment i1_0 left join transaction t1_0 on t1_0.id=i1_0.transaction_id left join person p1_0 on p1_0.id=t1_0.person_id where i1_0.id=?
Hibernate: select i1_0.id,i1_0.installment_number,t1_0.id,t1_0.amount,p1_0.id,p1_0.age,p1_0.name,t1_0.status,t1_0.transaction_date,i1_0.value from installment i1_0 left join transaction t1_0 on t1_0.id=i1_0.transaction_id left join person p1_0 on p1_0.id=t1_0.person_id where i1_0.id=?
Hibernate: select i1_0.id,i1_0.installment_number,t1_0.id,t1_0.amount,p1_0.id,p1_0.age,p1_0.name,t1_0.status,t1_0.transaction_date,i1_0.value from installment i1_0 left join transaction t1_0 on t1_0.id=i1_0.transaction_id left join person p1_0 on p1_0.id=t1_0.person_id where i1_0.id=?
Hibernate: select i1_0.id,i1_0.installment_number,t1_0.id,t1_0.amount,p1_0.id,p1_0.age,p1_0.name,t1_0.status,t1_0.transaction_date,i1_0.value from installment i1_0 left join transaction t1_0 on t1_0.id=i1_0.transaction_id left join person p1_0 on p1_0.id=t1_0.person_id where i1_0.id=?
Hibernate: select i1_0.id,i1_0.installment_number,t1_0.id,t1_0.amount,p1_0.id,p1_0.age,p1_0.name,t1_0.status,t1_0.transaction_date,i1_0.value from installment i1_0 left join transaction t1_0 on t1_0.id=i1_0.transaction_id left join person p1_0 on p1_0.id=t1_0.person_id where i1_0.id=?
Hibernate: select i1_0.id,i1_0.installment_number,t1_0.id,t1_0.amount,p1_0.id,p1_0.age,p1_0.name,t1_0.status,t1_0.transaction_date,i1_0.value from installment i1_0 left join transaction t1_0 on t1_0.id=i1_0.transaction_id left join person p1_0 on p1_0.id=t1_0.person_id where i1_0.id=?
Hibernate: select i1_0.id,i1_0.installment_number,t1_0.id,t1_0.amount,p1_0.id,p1_0.age,p1_0.name,t1_0.status,t1_0.transaction_date,i1_0.value from installment i1_0 left join transaction t1_0 on t1_0.id=i1_0.transaction_id left join person p1_0 on p1_0.id=t1_0.person_id where i1_0.id=?
Hibernate: insert into person (age,name,id) values (?,?,?)
Hibernate: insert into transaction (amount,person_id,status,transaction_date,id) values (?,?,?,?,?)
Hibernate: insert into installment (installment_number,transaction_id,value,id) values (?,?,?,?)
Hibernate: insert into installment (installment_number,transaction_id,value,id) values (?,?,?,?)
Hibernate: insert into installment (installment_number,transaction_id,value,id) values (?,?,?,?)
Hibernate: insert into installment (installment_number,transaction_id,value,id) values (?,?,?,?)
Hibernate: insert into installment (installment_number,transaction_id,value,id) values (?,?,?,?)
Hibernate: insert into installment (installment_number,transaction_id,value,id) values (?,?,?,?)
Hibernate: insert into installment (installment_number,transaction_id,value,id) values (?,?,?,?)
Hibernate: insert into installment (installment_number,transaction_id,value,id) values (?,?,?,?)
2024-02-04T20:50:21.324-03:00  INFO 639004 --- [ntContainer#1-1] d.c.m.listeners.TransactionConsumer      : Processed transaction f1dcfc9e-fab0-4ae6-aca3-2ef8f860b0a0
Hibernate: select t1_0.id,t1_0.amount,t1_0.person_id,t1_0.status,t1_0.transaction_date from transaction t1_0 where t1_0.id=?
Hibernate: select p1_0.id,p1_0.age,p1_0.name,t1_0.person_id,t1_0.id,t1_0.amount,t1_0.status,t1_0.transaction_date from person p1_0 left join transaction t1_0 on p1_0.id=t1_0.person_id where p1_0.id=?
Hibernate: select t1_0.id,t1_0.amount,i1_0.transaction_id,i1_0.id,i1_0.installment_number,i1_0.value,p1_0.id,p1_0.age,p1_0.name,t1_0.status,t1_0.transaction_date from transaction t1_0 left join installment i1_0 on t1_0.id=i1_0.transaction_id left join person p1_0 on p1_0.id=t1_0.person_id where t1_0.id=?
Hibernate: select p1_0.id,p1_0.age,p1_0.name,t1_0.person_id,t1_0.id,t1_0.amount,t1_0.status,t1_0.transaction_date from person p1_0 left join transaction t1_0 on p1_0.id=t1_0.person_id where p1_0.id=?
Hibernate: select i1_0.id,i1_0.installment_number,t1_0.id,t1_0.amount,p1_0.id,p1_0.age,p1_0.name,t1_0.status,t1_0.transaction_date,i1_0.value from installment i1_0 left join transaction t1_0 on t1_0.id=i1_0.transaction_id left join person p1_0 on p1_0.id=t1_0.person_id where i1_0.id=?
Hibernate: select i1_0.id,i1_0.installment_number,t1_0.id,t1_0.amount,p1_0.id,p1_0.age,p1_0.name,t1_0.status,t1_0.transaction_date,i1_0.value from installment i1_0 left join transaction t1_0 on t1_0.id=i1_0.transaction_id left join person p1_0 on p1_0.id=t1_0.person_id where i1_0.id=?
Hibernate: select i1_0.id,i1_0.installment_number,t1_0.id,t1_0.amount,p1_0.id,p1_0.age,p1_0.name,t1_0.status,t1_0.transaction_date,i1_0.value from installment i1_0 left join transaction t1_0 on t1_0.id=i1_0.transaction_id left join person p1_0 on p1_0.id=t1_0.person_id where i1_0.id=?
Hibernate: select i1_0.id,i1_0.installment_number,t1_0.id,t1_0.amount,p1_0.id,p1_0.age,p1_0.name,t1_0.status,t1_0.transaction_date,i1_0.value from installment i1_0 left join transaction t1_0 on t1_0.id=i1_0.transaction_id left join person p1_0 on p1_0.id=t1_0.person_id where i1_0.id=?
Hibernate: select i1_0.id,i1_0.installment_number,t1_0.id,t1_0.amount,p1_0.id,p1_0.age,p1_0.name,t1_0.status,t1_0.transaction_date,i1_0.value from installment i1_0 left join transaction t1_0 on t1_0.id=i1_0.transaction_id left join person p1_0 on p1_0.id=t1_0.person_id where i1_0.id=?
Hibernate: select i1_0.id,i1_0.installment_number,t1_0.id,t1_0.amount,p1_0.id,p1_0.age,p1_0.name,t1_0.status,t1_0.transaction_date,i1_0.value from installment i1_0 left join transaction t1_0 on t1_0.id=i1_0.transaction_id left join person p1_0 on p1_0.id=t1_0.person_id where i1_0.id=?
Hibernate: select i1_0.id,i1_0.installment_number,t1_0.id,t1_0.amount,p1_0.id,p1_0.age,p1_0.name,t1_0.status,t1_0.transaction_date,i1_0.value from installment i1_0 left join transaction t1_0 on t1_0.id=i1_0.transaction_id left join person p1_0 on p1_0.id=t1_0.person_id where i1_0.id=?
Hibernate: insert into person (age,name,id) values (?,?,?)
Hibernate: insert into transaction (amount,person_id,status,transaction_date,id) values (?,?,?,?,?)
Hibernate: insert into installment (installment_number,transaction_id,value,id) values (?,?,?,?)
Hibernate: insert into installment (installment_number,transaction_id,value,id) values (?,?,?,?)
Hibernate: insert into installment (installment_number,transaction_id,value,id) values (?,?,?,?)
Hibernate: insert into installment (installment_number,transaction_id,value,id) values (?,?,?,?)
Hibernate: insert into installment (installment_number,transaction_id,value,id) values (?,?,?,?)
Hibernate: insert into installment (installment_number,transaction_id,value,id) values (?,?,?,?)
Hibernate: insert into installment (installment_number,transaction_id,value,id) values (?,?,?,?)
2024-02-04T20:50:21.340-03:00  INFO 639004 --- [ntContainer#1-1] d.c.m.listeners.TransactionConsumer      : Processed transaction 04b0f548-8185-45c9-af2d-45d4b69bb155
Hibernate: select t1_0.id,t1_0.amount,t1_0.person_id,t1_0.status,t1_0.transaction_date from transaction t1_0 where t1_0.id=?
Hibernate: select p1_0.id,p1_0.age,p1_0.name,t1_0.person_id,t1_0.id,t1_0.amount,t1_0.status,t1_0.transaction_date from person p1_0 left join transaction t1_0 on p1_0.id=t1_0.person_id where p1_0.id=?
Hibernate: select t1_0.id,t1_0.amount,i1_0.transaction_id,i1_0.id,i1_0.installment_number,i1_0.value,p1_0.id,p1_0.age,p1_0.name,t1_0.status,t1_0.transaction_date from transaction t1_0 left join installment i1_0 on t1_0.id=i1_0.transaction_id left join person p1_0 on p1_0.id=t1_0.person_id where t1_0.id=?
Hibernate: select p1_0.id,p1_0.age,p1_0.name,t1_0.person_id,t1_0.id,t1_0.amount,t1_0.status,t1_0.transaction_date from person p1_0 left join transaction t1_0 on p1_0.id=t1_0.person_id where p1_0.id=?
Hibernate: select i1_0.id,i1_0.installment_number,t1_0.id,t1_0.amount,p1_0.id,p1_0.age,p1_0.name,t1_0.status,t1_0.transaction_date,i1_0.value from installment i1_0 left join transaction t1_0 on t1_0.id=i1_0.transaction_id left join person p1_0 on p1_0.id=t1_0.person_id where i1_0.id=?
Hibernate: select i1_0.id,i1_0.installment_number,t1_0.id,t1_0.amount,p1_0.id,p1_0.age,p1_0.name,t1_0.status,t1_0.transaction_date,i1_0.value from installment i1_0 left join transaction t1_0 on t1_0.id=i1_0.transaction_id left join person p1_0 on p1_0.id=t1_0.person_id where i1_0.id=?
Hibernate: select i1_0.id,i1_0.installment_number,t1_0.id,t1_0.amount,p1_0.id,p1_0.age,p1_0.name,t1_0.status,t1_0.transaction_date,i1_0.value from installment i1_0 left join transaction t1_0 on t1_0.id=i1_0.transaction_id left join person p1_0 on p1_0.id=t1_0.person_id where i1_0.id=?
Hibernate: select i1_0.id,i1_0.installment_number,t1_0.id,t1_0.amount,p1_0.id,p1_0.age,p1_0.name,t1_0.status,t1_0.transaction_date,i1_0.value from installment i1_0 left join transaction t1_0 on t1_0.id=i1_0.transaction_id left join person p1_0 on p1_0.id=t1_0.person_id where i1_0.id=?
Hibernate: select i1_0.id,i1_0.installment_number,t1_0.id,t1_0.amount,p1_0.id,p1_0.age,p1_0.name,t1_0.status,t1_0.transaction_date,i1_0.value from installment i1_0 left join transaction t1_0 on t1_0.id=i1_0.transaction_id left join person p1_0 on p1_0.id=t1_0.person_id where i1_0.id=?
Hibernate: select i1_0.id,i1_0.installment_number,t1_0.id,t1_0.amount,p1_0.id,p1_0.age,p1_0.name,t1_0.status,t1_0.transaction_date,i1_0.value from installment i1_0 left join transaction t1_0 on t1_0.id=i1_0.transaction_id left join person p1_0 on p1_0.id=t1_0.person_id where i1_0.id=?
Hibernate: select i1_0.id,i1_0.installment_number,t1_0.id,t1_0.amount,p1_0.id,p1_0.age,p1_0.name,t1_0.status,t1_0.transaction_date,i1_0.value from installment i1_0 left join transaction t1_0 on t1_0.id=i1_0.transaction_id left join person p1_0 on p1_0.id=t1_0.person_id where i1_0.id=?
Hibernate: select i1_0.id,i1_0.installment_number,t1_0.id,t1_0.amount,p1_0.id,p1_0.age,p1_0.name,t1_0.status,t1_0.transaction_date,i1_0.value from installment i1_0 left join transaction t1_0 on t1_0.id=i1_0.transaction_id left join person p1_0 on p1_0.id=t1_0.person_id where i1_0.id=?
Hibernate: select i1_0.id,i1_0.installment_number,t1_0.id,t1_0.amount,p1_0.id,p1_0.age,p1_0.name,t1_0.status,t1_0.transaction_date,i1_0.value from installment i1_0 left join transaction t1_0 on t1_0.id=i1_0.transaction_id left join person p1_0 on p1_0.id=t1_0.person_id where i1_0.id=?
Hibernate: select i1_0.id,i1_0.installment_number,t1_0.id,t1_0.amount,p1_0.id,p1_0.age,p1_0.name,t1_0.status,t1_0.transaction_date,i1_0.value from installment i1_0 left join transaction t1_0 on t1_0.id=i1_0.transaction_id left join person p1_0 on p1_0.id=t1_0.person_id where i1_0.id=?
Hibernate: select i1_0.id,i1_0.installment_number,t1_0.id,t1_0.amount,p1_0.id,p1_0.age,p1_0.name,t1_0.status,t1_0.transaction_date,i1_0.value from installment i1_0 left join transaction t1_0 on t1_0.id=i1_0.transaction_id left join person p1_0 on p1_0.id=t1_0.person_id where i1_0.id=?
Hibernate: select i1_0.id,i1_0.installment_number,t1_0.id,t1_0.amount,p1_0.id,p1_0.age,p1_0.name,t1_0.status,t1_0.transaction_date,i1_0.value from installment i1_0 left join transaction t1_0 on t1_0.id=i1_0.transaction_id left join person p1_0 on p1_0.id=t1_0.person_id where i1_0.id=?
Hibernate: insert into person (age,name,id) values (?,?,?)
Hibernate: insert into transaction (amount,person_id,status,transaction_date,id) values (?,?,?,?,?)
Hibernate: insert into installment (installment_number,transaction_id,value,id) values (?,?,?,?)
Hibernate: insert into installment (installment_number,transaction_id,value,id) values (?,?,?,?)
Hibernate: insert into installment (installment_number,transaction_id,value,id) values (?,?,?,?)
Hibernate: insert into installment (installment_number,transaction_id,value,id) values (?,?,?,?)
Hibernate: insert into installment (installment_number,transaction_id,value,id) values (?,?,?,?)
Hibernate: insert into installment (installment_number,transaction_id,value,id) values (?,?,?,?)
Hibernate: insert into installment (installment_number,transaction_id,value,id) values (?,?,?,?)
Hibernate: insert into installment (installment_number,transaction_id,value,id) values (?,?,?,?)
Hibernate: insert into installment (installment_number,transaction_id,value,id) values (?,?,?,?)
Hibernate: insert into installment (installment_number,transaction_id,value,id) values (?,?,?,?)
Hibernate: insert into installment (installment_number,transaction_id,value,id) values (?,?,?,?)
Hibernate: insert into installment (installment_number,transaction_id,value,id) values (?,?,?,?)
2024-02-04T20:50:21.360-03:00  INFO 639004 --- [ntContainer#1-1] d.c.m.listeners.TransactionConsumer      : Processed transaction ec5e1e26-dc6c-4654-a5f1-f59e98d78822
Hibernate: select t1_0.id,t1_0.amount,t1_0.person_id,t1_0.status,t1_0.transaction_date from transaction t1_0 where t1_0.id=?
Hibernate: select p1_0.id,p1_0.age,p1_0.name,t1_0.person_id,t1_0.id,t1_0.amount,t1_0.status,t1_0.transaction_date from person p1_0 left join transaction t1_0 on p1_0.id=t1_0.person_id where p1_0.id=?
Hibernate: select t1_0.id,t1_0.amount,i1_0.transaction_id,i1_0.id,i1_0.installment_number,i1_0.value,p1_0.id,p1_0.age,p1_0.name,t1_0.status,t1_0.transaction_date from transaction t1_0 left join installment i1_0 on t1_0.id=i1_0.transaction_id left join person p1_0 on p1_0.id=t1_0.person_id where t1_0.id=?
Hibernate: select p1_0.id,p1_0.age,p1_0.name,t1_0.person_id,t1_0.id,t1_0.amount,t1_0.status,t1_0.transaction_date from person p1_0 left join transaction t1_0 on p1_0.id=t1_0.person_id where p1_0.id=?
Hibernate: select i1_0.id,i1_0.installment_number,t1_0.id,t1_0.amount,p1_0.id,p1_0.age,p1_0.name,t1_0.status,t1_0.transaction_date,i1_0.value from installment i1_0 left join transaction t1_0 on t1_0.id=i1_0.transaction_id left join person p1_0 on p1_0.id=t1_0.person_id where i1_0.id=?
Hibernate: select i1_0.id,i1_0.installment_number,t1_0.id,t1_0.amount,p1_0.id,p1_0.age,p1_0.name,t1_0.status,t1_0.transaction_date,i1_0.value from installment i1_0 left join transaction t1_0 on t1_0.id=i1_0.transaction_id left join person p1_0 on p1_0.id=t1_0.person_id where i1_0.id=?
Hibernate: select i1_0.id,i1_0.installment_number,t1_0.id,t1_0.amount,p1_0.id,p1_0.age,p1_0.name,t1_0.status,t1_0.transaction_date,i1_0.value from installment i1_0 left join transaction t1_0 on t1_0.id=i1_0.transaction_id left join person p1_0 on p1_0.id=t1_0.person_id where i1_0.id=?
Hibernate: select i1_0.id,i1_0.installment_number,t1_0.id,t1_0.amount,p1_0.id,p1_0.age,p1_0.name,t1_0.status,t1_0.transaction_date,i1_0.value from installment i1_0 left join transaction t1_0 on t1_0.id=i1_0.transaction_id left join person p1_0 on p1_0.id=t1_0.person_id where i1_0.id=?
Hibernate: select i1_0.id,i1_0.installment_number,t1_0.id,t1_0.amount,p1_0.id,p1_0.age,p1_0.name,t1_0.status,t1_0.transaction_date,i1_0.value from installment i1_0 left join transaction t1_0 on t1_0.id=i1_0.transaction_id left join person p1_0 on p1_0.id=t1_0.person_id where i1_0.id=?
Hibernate: select i1_0.id,i1_0.installment_number,t1_0.id,t1_0.amount,p1_0.id,p1_0.age,p1_0.name,t1_0.status,t1_0.transaction_date,i1_0.value from installment i1_0 left join transaction t1_0 on t1_0.id=i1_0.transaction_id left join person p1_0 on p1_0.id=t1_0.person_id where i1_0.id=?
Hibernate: select i1_0.id,i1_0.installment_number,t1_0.id,t1_0.amount,p1_0.id,p1_0.age,p1_0.name,t1_0.status,t1_0.transaction_date,i1_0.value from installment i1_0 left join transaction t1_0 on t1_0.id=i1_0.transaction_id left join person p1_0 on p1_0.id=t1_0.person_id where i1_0.id=?
Hibernate: select i1_0.id,i1_0.installment_number,t1_0.id,t1_0.amount,p1_0.id,p1_0.age,p1_0.name,t1_0.status,t1_0.transaction_date,i1_0.value from installment i1_0 left join transaction t1_0 on t1_0.id=i1_0.transaction_id left join person p1_0 on p1_0.id=t1_0.person_id where i1_0.id=?
Hibernate: select i1_0.id,i1_0.installment_number,t1_0.id,t1_0.amount,p1_0.id,p1_0.age,p1_0.name,t1_0.status,t1_0.transaction_date,i1_0.value from installment i1_0 left join transaction t1_0 on t1_0.id=i1_0.transaction_id left join person p1_0 on p1_0.id=t1_0.person_id where i1_0.id=?
]]></system-out>
    <system-err><![CDATA[WARNING: A Java agent has been loaded dynamically (/home/leodev/.m2/repository/net/bytebuddy/byte-buddy-agent/1.14.11/byte-buddy-agent-1.14.11.jar)
WARNING: If a serviceability tool is in use, please run with -XX:+EnableDynamicAgentLoading to hide this warning
WARNING: If a serviceability tool is not in use, please run with -Djdk.instrument.traceUsage for more information
WARNING: Dynamic loading of agents will be disallowed by default in a future release
]]></system-err>
  </testcase>
</testsuite>